<?xml version="1.0" encoding="UTF-8"?>
<testsuite xmlns:xsi="http://www.w3.org/2001/XMLSchema-instance" xsi:noNamespaceSchemaLocation="https://maven.apache.org/surefire/maven-surefire-plugin/xsd/surefire-test-report.xsd" name="TestSuite" time="78.769" tests="7" errors="0" skipped="0" failures="1">
  <properties>
[...]
</properties>
  <testcase name="scenario" classname="com.qa.runners.Pixel4ATestNGRunner" time="6.518"/>
  <testcase name="scenario" classname="com.qa.runners.Pixel4ATestNGRunner" time="5.846"/>
  <testcase name="scenario" classname="com.qa.runners.Pixel4ATestNGRunner" time="7.939"/>
  <testcase name="scenario" classname="com.qa.runners.Pixel4ATestNGRunner" time="7.053"/>
  <testcase name="scenario" classname="com.qa.runners.Pixel4ATestNGRunner" time="7.531"/>
  <testcase name="scenario" classname="com.qa.runners.Pixel4ATestNGRunner" time="21.942">
    <failure message="Expected condition failed: waiting for visibility of Located by By.chained({By.xpath: /hierarchy/android.widget.FrameLayout/android.widget.FrameLayout/android.view.ViewGroup/android.widget.LinearLayout/android.widget.LinearLayout/android.widget.TextView[2]}) (tried for 10 second(s) with 500 milliseconds interval)" type="org.openqa.selenium.TimeoutException">org.openqa.selenium.TimeoutException: Expected condition failed: waiting for visibility of Located by By.chained({By.xpath: /hierarchy/android.widget.FrameLayout/android.widget.FrameLayout/android.view.ViewGroup/android.widget.LinearLayout/android.widget.LinearLayout/android.widget.TextView[2]}) (tried for 10 second(s) with 500 milliseconds interval)
Caused by: org.openqa.selenium.NoSuchElementException: Can't locate an element by this strategy: By.chained({By.xpath: /hierarchy/android.widget.FrameLayout/android.widget.FrameLayout/android.view.ViewGroup/android.widget.LinearLayout/android.widget.LinearLayout/android.widget.TextView[2]})
Caused by: org.openqa.selenium.TimeoutException: Expected condition failed: waiting for io.appium.java_client.pagefactory.AppiumElementLocator$WaitingFunction@7f4596d0 (tried for 1 second(s) with 500 milliseconds interval)
Caused by: org.openqa.selenium.NoSuchElementException: 
Cannot locate an element using By.chained({By.xpath: /hierarchy/android.widget.FrameLayout/android.widget.FrameLayout/android.view.ViewGroup/android.widget.LinearLayout/android.widget.LinearLayout/android.widget.TextView[2]})
For documentation on this error, please visit: https://www.seleniumhq.org/exceptions/no_such_element.html
Build info: version: '3.141.59', revision: 'e82be7d358', time: '2018-11-14T08:17:03'
System info: host: 'Arjuns-MBP.net', ip: 'fe80:0:0:0:18e2:43a6:e1e2:6f01%en0', os.name: 'Mac OS X', os.arch: 'x86_64', os.version: '10.16', java.version: '15.0.2'
Driver info: driver.version: AndroidDriver
</failure>
    <system-out><![CDATA[
@test
Scenario Outline: Login with invalid password                               # src/test/resources/Login.feature:67
&amp#27;[35m[HTTP]&amp#27;[39m &amp#27;[37m-->&amp#27;[39m &amp#27;[37mPOST&amp#27;[39m &amp#27;[37m/wd/hub/session/17876c65-bd2d-4377-b322-9c9653165383/appium/start_recording_screen&amp#27;[39m
&amp#27;[35m[HTTP]&amp#27;[39m &amp#27;[90m{}&amp#27;[39m
[debug] &amp#27;[35m[W3C (17876c65)]&amp#27;[39m Calling AppiumDriver.startRecordingScreen() with args: [null,"17876c65-bd2d-4377-b322-9c9653165383"]
[debug] &amp#27;[35m[ADB]&amp#27;[39m Getting IDs of all 'screenrecord' processes
[debug] &amp#27;[35m[ADB]&amp#27;[39m Running '/Users/arjunmac/Library/Android/sdk/platform-tools/adb -P 5037 -s emulator-5554 shell pgrep -f \(\[\[:blank:\]\]\|\^\)screenrecord\(\[\[:blank:\]\]\|\$\)'
&amp#27;[35m[AndroidDriver]&amp#27;[39m Screen recording has not been previously started by Appium. There is nothing to stop
[debug] &amp#27;[35m[ADB]&amp#27;[39m Getting IDs of all 'screenrecord' processes
[debug] &amp#27;[35m[ADB]&amp#27;[39m Running '/Users/arjunmac/Library/Android/sdk/platform-tools/adb -P 5037 -s emulator-5554 shell pgrep -f \(\[\[:blank:\]\]\|\^\)screenrecord\(\[\[:blank:\]\]\|\$\)'
[debug] &amp#27;[35m[ADB]&amp#27;[39m Building screenrecord process with the command line: adb -P 5037 -s emulator-5554 shell screenrecord --time-limit 180 /sdcard/5fb1c9cd.mp4
[debug] &amp#27;[35m[ADB]&amp#27;[39m Running '/Users/arjunmac/Library/Android/sdk/platform-tools/adb -P 5037 -s emulator-5554 shell "[ -e '/sdcard/5fb1c9cd.mp4' ] && echo __PASS__"'
[debug] &amp#27;[35m[AndroidDriver]&amp#27;[39m The overall screen recording duration is 0s so far
[debug] &amp#27;[35m[AndroidDriver]&amp#27;[39m Starting the next 180s-chunk of screen recording in order to achieve 180s total duration
[debug] &amp#27;[35m[ADB]&amp#27;[39m Building screenrecord process with the command line: adb -P 5037 -s emulator-5554 shell screenrecord --time-limit 180 /sdcard/5721aa51.mp4
[debug] &amp#27;[35m[ADB]&amp#27;[39m Running '/Users/arjunmac/Library/Android/sdk/platform-tools/adb -P 5037 -s emulator-5554 shell "[ -e '/sdcard/5721aa51.mp4' ] && echo __PASS__"'
[debug] &amp#27;[35m[AndroidDriver]&amp#27;[39m The overall screen recording duration is 0s so far
[debug] &amp#27;[35m[AndroidDriver]&amp#27;[39m Starting the next 180s-chunk of screen recording in order to achieve 180s total duration
[debug] &amp#27;[35m[ADB]&amp#27;[39m Building screenrecord process with the command line: adb -P 5037 -s emulator-5554 shell screenrecord --time-limit 180 /sdcard/b97ba194.mp4
[debug] &amp#27;[35m[ADB]&amp#27;[39m Running '/Users/arjunmac/Library/Android/sdk/platform-tools/adb -P 5037 -s emulator-5554 shell "[ -e '/sdcard/b97ba194.mp4' ] && echo __PASS__"'
[debug] &amp#27;[35m[AndroidDriver]&amp#27;[39m The overall screen recording duration is 0s so far
[debug] &amp#27;[35m[AndroidDriver]&amp#27;[39m Starting the next 180s-chunk of screen recording in order to achieve 180s total duration
[debug] &amp#27;[35m[ADB]&amp#27;[39m Building screenrecord process with the command line: adb -P 5037 -s emulator-5554 shell screenrecord --time-limit 180 /sdcard/93554a94.mp4
[debug] &amp#27;[35m[ADB]&amp#27;[39m Running '/Users/arjunmac/Library/Android/sdk/platform-tools/adb -P 5037 -s emulator-5554 shell "[ -e '/sdcard/93554a94.mp4' ] && echo __PASS__"'
[debug] &amp#27;[35m[AndroidDriver]&amp#27;[39m The overall screen recording duration is 0s so far
[debug] &amp#27;[35m[AndroidDriver]&amp#27;[39m Starting the next 180s-chunk of screen recording in order to achieve 180s total duration
[debug] &amp#27;[35m[ADB]&amp#27;[39m Building screenrecord process with the command line: adb -P 5037 -s emulator-5554 shell screenrecord --time-limit 180 /sdcard/238ca0da.mp4
[debug] &amp#27;[35m[ADB]&amp#27;[39m Running '/Users/arjunmac/Library/Android/sdk/platform-tools/adb -P 5037 -s emulator-5554 shell "[ -e '/sdcard/238ca0da.mp4' ] && echo __PASS__"'
[debug] &amp#27;[35m[ADB]&amp#27;[39m Running '/Users/arjunmac/Library/Android/sdk/platform-tools/adb -P 5037 -s emulator-5554 shell "[ -e '/sdcard/5fb1c9cd.mp4' ] && echo __PASS__"'
[debug] &amp#27;[35m[W3C (17876c65)]&amp#27;[39m Responding to client with driver.startRecordingScreen() result: ""
&amp#27;[35m[HTTP]&amp#27;[39m &amp#27;[37m<-- POST /wd/hub/session/17876c65-bd2d-4377-b322-9c9653165383/appium/start_recording_screen &amp#27;[39m&amp#27;[32m200&amp#27;[39m &amp#27;[90m398 ms - 12&amp#27;[39m
&amp#27;[35m[HTTP]&amp#27;[39m &amp#27;[90m&amp#27;[39m
&amp#27;[35m[HTTP]&amp#27;[39m &amp#27;[37m-->&amp#27;[39m &amp#27;[37mGET&amp#27;[39m &amp#27;[37m/wd/hub/session/17876c65-bd2d-4377-b322-9c9653165383/context&amp#27;[39m
&amp#27;[35m[HTTP]&amp#27;[39m &amp#27;[90m{}&amp#27;[39m
[debug] &amp#27;[35m[W3C (17876c65)]&amp#27;[39m Calling AppiumDriver.getCurrentContext() with args: ["17876c65-bd2d-4377-b322-9c9653165383"]
[debug] &amp#27;[35m[W3C (17876c65)]&amp#27;[39m Responding to client with driver.getCurrentContext() result: "NATIVE_APP"
&amp#27;[35m[HTTP]&amp#27;[39m &amp#27;[37m<-- GET /wd/hub/session/17876c65-bd2d-4377-b322-9c9653165383/context &amp#27;[39m&amp#27;[32m200&amp#27;[39m &amp#27;[90m1 ms - 22&amp#27;[39m
&amp#27;[35m[HTTP]&amp#27;[39m &amp#27;[90m&amp#27;[39m
&amp#27;[35m[HTTP]&amp#27;[39m &amp#27;[37m-->&amp#27;[39m &amp#27;[37mPOST&amp#27;[39m &amp#27;[37m/wd/hub/session/17876c65-bd2d-4377-b322-9c9653165383/element&amp#27;[39m
&amp#27;[35m[HTTP]&amp#27;[39m &amp#27;[90m{"using":"id","value":"com.becon.ecom:id/email"}&amp#27;[39m
[debug] &amp#27;[35m[W3C (17876c65)]&amp#27;[39m Calling AppiumDriver.findElement() with args: ["id","com.becon.ecom:id/email","17876c65-bd2d-4377-b322-9c9653165383"]
[debug] &amp#27;[35m[BaseDriver]&amp#27;[39m Valid locator strategies for this request: xpath, id, class name, accessibility id, css selector, -android uiautomator
[debug] &amp#27;[35m[BaseDriver]&amp#27;[39m Waiting up to 0 ms for condition
[debug] &amp#27;[35m[WD Proxy]&amp#27;[39m Matched '/element' to command name 'findElement'
[debug] &amp#27;[35m[WD Proxy]&amp#27;[39m Proxying [POST /element] to [POST http://127.0.0.1:10000/wd/hub/session/b6b613ea-c9d6-4373-8504-6b49cca35dae/element] with body: {"strategy":"id","selector":"com.becon.ecom:id/email","context":"","multiple":false}
[debug] &amp#27;[35m[AndroidDriver]&amp#27;[39m The overall screen recording duration is 0s so far
[debug] &amp#27;[35m[AndroidDriver]&amp#27;[39m Starting the next 180s-chunk of screen recording in order to achieve 180s total duration
[debug] &amp#27;[35m[ADB]&amp#27;[39m Building screenrecord process with the command line: adb -P 5037 -s emulator-5554 shell screenrecord --time-limit 180 /sdcard/6c51f94d.mp4
[debug] &amp#27;[35m[ADB]&amp#27;[39m Running '/Users/arjunmac/Library/Android/sdk/platform-tools/adb -P 5037 -s emulator-5554 shell "[ -e '/sdcard/6c51f94d.mp4' ] && echo __PASS__"'
[debug] &amp#27;[35m[ADB]&amp#27;[39m Running '/Users/arjunmac/Library/Android/sdk/platform-tools/adb -P 5037 -s emulator-5554 shell "[ -e '/sdcard/5721aa51.mp4' ] && echo __PASS__"'
[debug] &amp#27;[35m[AndroidDriver]&amp#27;[39m The overall screen recording duration is 0s so far
[debug] &amp#27;[35m[AndroidDriver]&amp#27;[39m Starting the next 180s-chunk of screen recording in order to achieve 180s total duration
[debug] &amp#27;[35m[ADB]&amp#27;[39m Building screenrecord process with the command line: adb -P 5037 -s emulator-5554 shell screenrecord --time-limit 180 /sdcard/5f784448.mp4
[debug] &amp#27;[35m[ADB]&amp#27;[39m Running '/Users/arjunmac/Library/Android/sdk/platform-tools/adb -P 5037 -s emulator-5554 shell "[ -e '/sdcard/5f784448.mp4' ] && echo __PASS__"'
[debug] &amp#27;[35m[ADB]&amp#27;[39m Running '/Users/arjunmac/Library/Android/sdk/platform-tools/adb -P 5037 -s emulator-5554 shell "[ -e '/sdcard/b97ba194.mp4' ] && echo __PASS__"'
[debug] &amp#27;[35m[AndroidDriver]&amp#27;[39m The overall screen recording duration is 1s so far
[debug] &amp#27;[35m[AndroidDriver]&amp#27;[39m Starting the next 179s-chunk of screen recording in order to achieve 180s total duration
[debug] &amp#27;[35m[ADB]&amp#27;[39m Building screenrecord process with the command line: adb -P 5037 -s emulator-5554 shell screenrecord --time-limit 179 /sdcard/dd62e6fd.mp4
[debug] &amp#27;[35m[ADB]&amp#27;[39m Running '/Users/arjunmac/Library/Android/sdk/platform-tools/adb -P 5037 -s emulator-5554 shell "[ -e '/sdcard/dd62e6fd.mp4' ] && echo __PASS__"'
[debug] &amp#27;[35m[ADB]&amp#27;[39m Running '/Users/arjunmac/Library/Android/sdk/platform-tools/adb -P 5037 -s emulator-5554 shell "[ -e '/sdcard/93554a94.mp4' ] && echo __PASS__"'
[debug] &amp#27;[35m[WD Proxy]&amp#27;[39m Got response with status 200: {"sessionId":"b6b613ea-c9d6-4373-8504-6b49cca35dae","value":{"ELEMENT":"a01a9b05-f891-41a4-a89a-0343a50d6181","element-6066-11e4-a52e-4f735466cecf":"a01a9b05-f891-41a4-a89a-0343a50d6181"}}
[debug] &amp#27;[35m[W3C (17876c65)]&amp#27;[39m Responding to client with driver.findElement() result: {"element-6066-11e4-a52e-4f735466cecf":"a01a9b05-f891-41a4-a89a-0343a50d6181","ELEMENT":"a01a9b05-f891-41a4-a89a-0343a50d6181"}
&amp#27;[35m[HTTP]&amp#27;[39m &amp#27;[37m<-- POST /wd/hub/session/17876c65-bd2d-4377-b322-9c9653165383/element &amp#27;[39m&amp#27;[32m200&amp#27;[39m &amp#27;[90m237 ms - 137&amp#27;[39m
&amp#27;[35m[HTTP]&amp#27;[39m &amp#27;[90m&amp#27;[39m
[debug] &amp#27;[35m[AndroidDriver]&amp#27;[39m The overall screen recording duration is 1s so far
[debug] &amp#27;[35m[AndroidDriver]&amp#27;[39m Starting the next 179s-chunk of screen recording in order to achieve 180s total duration
[debug] &amp#27;[35m[ADB]&amp#27;[39m Building screenrecord process with the command line: adb -P 5037 -s emulator-5554 shell screenrecord --time-limit 179 /sdcard/b4c53133.mp4
[debug] &amp#27;[35m[ADB]&amp#27;[39m Running '/Users/arjunmac/Library/Android/sdk/platform-tools/adb -P 5037 -s emulator-5554 shell "[ -e '/sdcard/b4c53133.mp4' ] && echo __PASS__"'
&amp#27;[35m[HTTP]&amp#27;[39m &amp#27;[37m-->&amp#27;[39m &amp#27;[37mGET&amp#27;[39m &amp#27;[37m/wd/hub/session/17876c65-bd2d-4377-b322-9c9653165383/element/a01a9b05-f891-41a4-a89a-0343a50d6181/displayed&amp#27;[39m
&amp#27;[35m[HTTP]&amp#27;[39m &amp#27;[90m{}&amp#27;[39m
[debug] &amp#27;[35m[W3C (17876c65)]&amp#27;[39m Calling AppiumDriver.elementDisplayed() with args: ["a01a9b05-f891-41a4-a89a-0343a50d6181","17876c65-bd2d-4377-b322-9c9653165383"]
[debug] &amp#27;[35m[WD Proxy]&amp#27;[39m Matched '/element/a01a9b05-f891-41a4-a89a-0343a50d6181/attribute/displayed' to command name 'getAttribute'
[debug] &amp#27;[35m[WD Proxy]&amp#27;[39m Proxying [GET /element/a01a9b05-f891-41a4-a89a-0343a50d6181/attribute/displayed] to [GET http://127.0.0.1:10000/wd/hub/session/b6b613ea-c9d6-4373-8504-6b49cca35dae/element/a01a9b05-f891-41a4-a89a-0343a50d6181/attribute/displayed] with no body
[debug] &amp#27;[35m[WD Proxy]&amp#27;[39m Got response with status 200: {"sessionId":"b6b613ea-c9d6-4373-8504-6b49cca35dae","value":"true"}
[debug] &amp#27;[35m[W3C (17876c65)]&amp#27;[39m Responding to client with driver.elementDisplayed() result: true
&amp#27;[35m[HTTP]&amp#27;[39m &amp#27;[37m<-- GET /wd/hub/session/17876c65-bd2d-4377-b322-9c9653165383/element/a01a9b05-f891-41a4-a89a-0343a50d6181/displayed &amp#27;[39m&amp#27;[32m200&amp#27;[39m &amp#27;[90m13 ms - 14&amp#27;[39m
&amp#27;[35m[HTTP]&amp#27;[39m &amp#27;[90m&amp#27;[39m
&amp#27;[35m[HTTP]&amp#27;[39m &amp#27;[37m-->&amp#27;[39m &amp#27;[37mGET&amp#27;[39m &amp#27;[37m/wd/hub/session/17876c65-bd2d-4377-b322-9c9653165383/context&amp#27;[39m
&amp#27;[35m[HTTP]&amp#27;[39m &amp#27;[90m{}&amp#27;[39m
[debug] &amp#27;[35m[W3C (17876c65)]&amp#27;[39m Calling AppiumDriver.getCurrentContext() with args: ["17876c65-bd2d-4377-b322-9c9653165383"]
[debug] &amp#27;[35m[W3C (17876c65)]&amp#27;[39m Responding to client with driver.getCurrentContext() result: "NATIVE_APP"
&amp#27;[35m[HTTP]&amp#27;[39m &amp#27;[37m<-- GET /wd/hub/session/17876c65-bd2d-4377-b322-9c9653165383/context &amp#27;[39m&amp#27;[32m200&amp#27;[39m &amp#27;[90m1 ms - 22&amp#27;[39m
&amp#27;[35m[HTTP]&amp#27;[39m &amp#27;[90m&amp#27;[39m
&amp#27;[35m[HTTP]&amp#27;[39m &amp#27;[37m-->&amp#27;[39m &amp#27;[37mPOST&amp#27;[39m &amp#27;[37m/wd/hub/session/17876c65-bd2d-4377-b322-9c9653165383/element&amp#27;[39m
&amp#27;[35m[HTTP]&amp#27;[39m &amp#27;[90m{"using":"id","value":"com.becon.ecom:id/email"}&amp#27;[39m
[debug] &amp#27;[35m[W3C (17876c65)]&amp#27;[39m Calling AppiumDriver.findElement() with args: ["id","com.becon.ecom:id/email","17876c65-bd2d-4377-b322-9c9653165383"]
[debug] &amp#27;[35m[BaseDriver]&amp#27;[39m Valid locator strategies for this request: xpath, id, class name, accessibility id, css selector, -android uiautomator
[debug] &amp#27;[35m[BaseDriver]&amp#27;[39m Waiting up to 0 ms for condition
[debug] &amp#27;[35m[WD Proxy]&amp#27;[39m Matched '/element' to command name 'findElement'
[debug] &amp#27;[35m[WD Proxy]&amp#27;[39m Proxying [POST /element] to [POST http://127.0.0.1:10000/wd/hub/session/b6b613ea-c9d6-4373-8504-6b49cca35dae/element] with body: {"strategy":"id","selector":"com.becon.ecom:id/email","context":"","multiple":false}
[debug] &amp#27;[35m[WD Proxy]&amp#27;[39m Got response with status 200: {"sessionId":"b6b613ea-c9d6-4373-8504-6b49cca35dae","value":{"ELEMENT":"1f51c87e-1e80-4ae4-b92f-67a3e405988f","element-6066-11e4-a52e-4f735466cecf":"1f51c87e-1e80-4ae4-b92f-67a3e405988f"}}
[debug] &amp#27;[35m[W3C (17876c65)]&amp#27;[39m Responding to client with driver.findElement() result: {"element-6066-11e4-a52e-4f735466cecf":"1f51c87e-1e80-4ae4-b92f-67a3e405988f","ELEMENT":"1f51c87e-1e80-4ae4-b92f-67a3e405988f"}
&amp#27;[35m[HTTP]&amp#27;[39m &amp#27;[37m<-- POST /wd/hub/session/17876c65-bd2d-4377-b322-9c9653165383/element &amp#27;[39m&amp#27;[32m200&amp#27;[39m &amp#27;[90m15 ms - 137&amp#27;[39m
&amp#27;[35m[HTTP]&amp#27;[39m &amp#27;[90m&amp#27;[39m
&amp#27;[35m[HTTP]&amp#27;[39m &amp#27;[37m-->&amp#27;[39m &amp#27;[37mPOST&amp#27;[39m &amp#27;[37m/wd/hub/session/17876c65-bd2d-4377-b322-9c9653165383/element/1f51c87e-1e80-4ae4-b92f-67a3e405988f/clear&amp#27;[39m
&amp#27;[35m[HTTP]&amp#27;[39m &amp#27;[90m{"id":"1f51c87e-1e80-4ae4-b92f-67a3e405988f"}&amp#27;[39m
[debug] &amp#27;[35m[W3C (17876c65)]&amp#27;[39m Calling AppiumDriver.clear() with args: ["1f51c87e-1e80-4ae4-b92f-67a3e405988f","17876c65-bd2d-4377-b322-9c9653165383"]
[debug] &amp#27;[35m[WD Proxy]&amp#27;[39m Matched '/element/1f51c87e-1e80-4ae4-b92f-67a3e405988f/clear' to command name 'clear'
[debug] &amp#27;[35m[WD Proxy]&amp#27;[39m Proxying [POST /element/1f51c87e-1e80-4ae4-b92f-67a3e405988f/clear] to [POST http://127.0.0.1:10000/wd/hub/session/b6b613ea-c9d6-4373-8504-6b49cca35dae/element/1f51c87e-1e80-4ae4-b92f-67a3e405988f/clear] with body: {"elementId":"1f51c87e-1e80-4ae4-b92f-67a3e405988f"}
[debug] &amp#27;[35m[ADB]&amp#27;[39m Running '/Users/arjunmac/Library/Android/sdk/platform-tools/adb -P 5037 -s emulator-5554 shell "[ -e '/sdcard/238ca0da.mp4' ] && echo __PASS__"'
[debug] &amp#27;[35m[WD Proxy]&amp#27;[39m Got response with status 200: {"sessionId":"b6b613ea-c9d6-4373-8504-6b49cca35dae","value":null}
[debug] &amp#27;[35m[W3C (17876c65)]&amp#27;[39m Responding to client with driver.clear() result: null
&amp#27;[35m[HTTP]&amp#27;[39m &amp#27;[37m<-- POST /wd/hub/session/17876c65-bd2d-4377-b322-9c9653165383/element/1f51c87e-1e80-4ae4-b92f-67a3e405988f/clear &amp#27;[39m&amp#27;[32m200&amp#27;[39m &amp#27;[90m22 ms - 14&amp#27;[39m
&amp#27;[35m[HTTP]&amp#27;[39m &amp#27;[90m&amp#27;[39m
&amp#27;[35m[HTTP]&amp#27;[39m &amp#27;[37m-->&amp#27;[39m &amp#27;[37mGET&amp#27;[39m &amp#27;[37m/wd/hub/session/17876c65-bd2d-4377-b322-9c9653165383/context&amp#27;[39m
&amp#27;[35m[HTTP]&amp#27;[39m &amp#27;[90m{}&amp#27;[39m
[debug] &amp#27;[35m[W3C (17876c65)]&amp#27;[39m Calling AppiumDriver.getCurrentContext() with args: ["17876c65-bd2d-4377-b322-9c9653165383"]
[debug] &amp#27;[35m[W3C (17876c65)]&amp#27;[39m Responding to client with driver.getCurrentContext() result: "NATIVE_APP"
&amp#27;[35m[HTTP]&amp#27;[39m &amp#27;[37m<-- GET /wd/hub/session/17876c65-bd2d-4377-b322-9c9653165383/context &amp#27;[39m&amp#27;[32m200&amp#27;[39m &amp#27;[90m1 ms - 22&amp#27;[39m
&amp#27;[35m[HTTP]&amp#27;[39m &amp#27;[90m&amp#27;[39m
&amp#27;[35m[HTTP]&amp#27;[39m &amp#27;[37m-->&amp#27;[39m &amp#27;[37mPOST&amp#27;[39m &amp#27;[37m/wd/hub/session/17876c65-bd2d-4377-b322-9c9653165383/element&amp#27;[39m
&amp#27;[35m[HTTP]&amp#27;[39m &amp#27;[90m{"using":"id","value":"com.becon.ecom:id/email"}&amp#27;[39m
[debug] &amp#27;[35m[W3C (17876c65)]&amp#27;[39m Calling AppiumDriver.findElement() with args: ["id","com.becon.ecom:id/email","17876c65-bd2d-4377-b322-9c9653165383"]
[debug] &amp#27;[35m[BaseDriver]&amp#27;[39m Valid locator strategies for this request: xpath, id, class name, accessibility id, css selector, -android uiautomator
[debug] &amp#27;[35m[BaseDriver]&amp#27;[39m Waiting up to 0 ms for condition
[debug] &amp#27;[35m[WD Proxy]&amp#27;[39m Matched '/element' to command name 'findElement'
[debug] &amp#27;[35m[WD Proxy]&amp#27;[39m Proxying [POST /element] to [POST http://127.0.0.1:10000/wd/hub/session/b6b613ea-c9d6-4373-8504-6b49cca35dae/element] with body: {"strategy":"id","selector":"com.becon.ecom:id/email","context":"","multiple":false}
[debug] &amp#27;[35m[AndroidDriver]&amp#27;[39m The overall screen recording duration is 1s so far
[debug] &amp#27;[35m[AndroidDriver]&amp#27;[39m Starting the next 179s-chunk of screen recording in order to achieve 180s total duration
[debug] &amp#27;[35m[ADB]&amp#27;[39m Building screenrecord process with the command line: adb -P 5037 -s emulator-5554 shell screenrecord --time-limit 179 /sdcard/4ac3fb2e.mp4
[debug] &amp#27;[35m[ADB]&amp#27;[39m Running '/Users/arjunmac/Library/Android/sdk/platform-tools/adb -P 5037 -s emulator-5554 shell "[ -e '/sdcard/4ac3fb2e.mp4' ] && echo __PASS__"'
[debug] &amp#27;[35m[ADB]&amp#27;[39m Running '/Users/arjunmac/Library/Android/sdk/platform-tools/adb -P 5037 -s emulator-5554 shell "[ -e '/sdcard/6c51f94d.mp4' ] && echo __PASS__"'
[debug] &amp#27;[35m[ADB]&amp#27;[39m Running '/Users/arjunmac/Library/Android/sdk/platform-tools/adb -P 5037 -s emulator-5554 shell "[ -e '/sdcard/5f784448.mp4' ] && echo __PASS__"'
[debug] &amp#27;[35m[AndroidDriver]&amp#27;[39m The overall screen recording duration is 1s so far
[debug] &amp#27;[35m[AndroidDriver]&amp#27;[39m Starting the next 179s-chunk of screen recording in order to achieve 180s total duration
[debug] &amp#27;[35m[ADB]&amp#27;[39m Building screenrecord process with the command line: adb -P 5037 -s emulator-5554 shell screenrecord --time-limit 179 /sdcard/0ac0e737.mp4
[debug] &amp#27;[35m[ADB]&amp#27;[39m Running '/Users/arjunmac/Library/Android/sdk/platform-tools/adb -P 5037 -s emulator-5554 shell "[ -e '/sdcard/0ac0e737.mp4' ] && echo __PASS__"'
[debug] &amp#27;[35m[ADB]&amp#27;[39m Running '/Users/arjunmac/Library/Android/sdk/platform-tools/adb -P 5037 -s emulator-5554 shell "[ -e '/sdcard/dd62e6fd.mp4' ] && echo __PASS__"'
[debug] &amp#27;[35m[AndroidDriver]&amp#27;[39m The overall screen recording duration is 1s so far
[debug] &amp#27;[35m[AndroidDriver]&amp#27;[39m Starting the next 179s-chunk of screen recording in order to achieve 180s total duration
[debug] &amp#27;[35m[ADB]&amp#27;[39m Building screenrecord process with the command line: adb -P 5037 -s emulator-5554 shell screenrecord --time-limit 179 /sdcard/3b6b8883.mp4
[debug] &amp#27;[35m[ADB]&amp#27;[39m Running '/Users/arjunmac/Library/Android/sdk/platform-tools/adb -P 5037 -s emulator-5554 shell "[ -e '/sdcard/3b6b8883.mp4' ] && echo __PASS__"'
[debug] &amp#27;[35m[AndroidDriver]&amp#27;[39m The overall screen recording duration is 1s so far
[debug] &amp#27;[35m[AndroidDriver]&amp#27;[39m Starting the next 179s-chunk of screen recording in order to achieve 180s total duration
[debug] &amp#27;[35m[ADB]&amp#27;[39m Building screenrecord process with the command line: adb -P 5037 -s emulator-5554 shell screenrecord --time-limit 179 /sdcard/5c7fb44a.mp4
[debug] &amp#27;[35m[ADB]&amp#27;[39m Running '/Users/arjunmac/Library/Android/sdk/platform-tools/adb -P 5037 -s emulator-5554 shell "[ -e '/sdcard/b4c53133.mp4' ] && echo __PASS__"'
[debug] &amp#27;[35m[ADB]&amp#27;[39m Running '/Users/arjunmac/Library/Android/sdk/platform-tools/adb -P 5037 -s emulator-5554 shell "[ -e '/sdcard/5c7fb44a.mp4' ] && echo __PASS__"'
[debug] &amp#27;[35m[AndroidDriver]&amp#27;[39m The overall screen recording duration is 1s so far
[debug] &amp#27;[35m[AndroidDriver]&amp#27;[39m Starting the next 179s-chunk of screen recording in order to achieve 180s total duration
[debug] &amp#27;[35m[ADB]&amp#27;[39m Building screenrecord process with the command line: adb -P 5037 -s emulator-5554 shell screenrecord --time-limit 179 /sdcard/b8313f33.mp4
[debug] &amp#27;[35m[ADB]&amp#27;[39m Running '/Users/arjunmac/Library/Android/sdk/platform-tools/adb -P 5037 -s emulator-5554 shell "[ -e '/sdcard/b8313f33.mp4' ] && echo __PASS__"'
[debug] &amp#27;[35m[ADB]&amp#27;[39m Running '/Users/arjunmac/Library/Android/sdk/platform-tools/adb -P 5037 -s emulator-5554 shell "[ -e '/sdcard/4ac3fb2e.mp4' ] && echo __PASS__"'
[debug] &amp#27;[35m[AndroidDriver]&amp#27;[39m The overall screen recording duration is 1s so far
[debug] &amp#27;[35m[AndroidDriver]&amp#27;[39m Starting the next 179s-chunk of screen recording in order to achieve 180s total duration
[debug] &amp#27;[35m[ADB]&amp#27;[39m Building screenrecord process with the command line: adb -P 5037 -s emulator-5554 shell screenrecord --time-limit 179 /sdcard/3fc22c6c.mp4
[debug] &amp#27;[35m[ADB]&amp#27;[39m Running '/Users/arjunmac/Library/Android/sdk/platform-tools/adb -P 5037 -s emulator-5554 shell "[ -e '/sdcard/3fc22c6c.mp4' ] && echo __PASS__"'
[debug] &amp#27;[35m[ADB]&amp#27;[39m Running '/Users/arjunmac/Library/Android/sdk/platform-tools/adb -P 5037 -s emulator-5554 shell "[ -e '/sdcard/0ac0e737.mp4' ] && echo __PASS__"'
[debug] &amp#27;[35m[AndroidDriver]&amp#27;[39m The overall screen recording duration is 1s so far
[debug] &amp#27;[35m[AndroidDriver]&amp#27;[39m Starting the next 179s-chunk of screen recording in order to achieve 180s total duration
[debug] &amp#27;[35m[ADB]&amp#27;[39m Building screenrecord process with the command line: adb -P 5037 -s emulator-5554 shell screenrecord --time-limit 179 /sdcard/d3d230c9.mp4
[debug] &amp#27;[35m[ADB]&amp#27;[39m Running '/Users/arjunmac/Library/Android/sdk/platform-tools/adb -P 5037 -s emulator-5554 shell "[ -e '/sdcard/d3d230c9.mp4' ] && echo __PASS__"'
[debug] &amp#27;[35m[ADB]&amp#27;[39m Running '/Users/arjunmac/Library/Android/sdk/platform-tools/adb -P 5037 -s emulator-5554 shell "[ -e '/sdcard/3b6b8883.mp4' ] && echo __PASS__"'
[debug] &amp#27;[35m[AndroidDriver]&amp#27;[39m The overall screen recording duration is 1s so far
[debug] &amp#27;[35m[AndroidDriver]&amp#27;[39m Starting the next 179s-chunk of screen recording in order to achieve 180s total duration
[debug] &amp#27;[35m[ADB]&amp#27;[39m Building screenrecord process with the command line: adb -P 5037 -s emulator-5554 shell screenrecord --time-limit 179 /sdcard/da4904ab.mp4
[debug] &amp#27;[35m[ADB]&amp#27;[39m Running '/Users/arjunmac/Library/Android/sdk/platform-tools/adb -P 5037 -s emulator-5554 shell "[ -e '/sdcard/da4904ab.mp4' ] && echo __PASS__"'
[debug] &amp#27;[35m[ADB]&amp#27;[39m Running '/Users/arjunmac/Library/Android/sdk/platform-tools/adb -P 5037 -s emulator-5554 shell "[ -e '/sdcard/5c7fb44a.mp4' ] && echo __PASS__"'
[debug] &amp#27;[35m[WD Proxy]&amp#27;[39m Got response with status 200: {"sessionId":"b6b613ea-c9d6-4373-8504-6b49cca35dae","value":{"ELEMENT":"bbe250d3-c86b-46d5-986a-3aad9aba5d7c","element-6066-11e4-a52e-4f735466cecf":"bbe250d3-c86b-46d5-986a-3aad9aba5d7c"}}
[debug] &amp#27;[35m[W3C (17876c65)]&amp#27;[39m Responding to client with driver.findElement() result: {"element-6066-11e4-a52e-4f735466cecf":"bbe250d3-c86b-46d5-986a-3aad9aba5d7c","ELEMENT":"bbe250d3-c86b-46d5-986a-3aad9aba5d7c"}
&amp#27;[35m[HTTP]&amp#27;[39m &amp#27;[37m<-- POST /wd/hub/session/17876c65-bd2d-4377-b322-9c9653165383/element &amp#27;[39m&amp#27;[32m200&amp#27;[39m &amp#27;[90m595 ms - 137&amp#27;[39m
&amp#27;[35m[HTTP]&amp#27;[39m &amp#27;[90m&amp#27;[39m
&amp#27;[35m[HTTP]&amp#27;[39m &amp#27;[37m-->&amp#27;[39m &amp#27;[37mGET&amp#27;[39m &amp#27;[37m/wd/hub/session/17876c65-bd2d-4377-b322-9c9653165383/element/bbe250d3-c86b-46d5-986a-3aad9aba5d7c/displayed&amp#27;[39m
&amp#27;[35m[HTTP]&amp#27;[39m &amp#27;[90m{}&amp#27;[39m
[debug] &amp#27;[35m[W3C (17876c65)]&amp#27;[39m Calling AppiumDriver.elementDisplayed() with args: ["bbe250d3-c86b-46d5-986a-3aad9aba5d7c","17876c65-bd2d-4377-b322-9c9653165383"]
[debug] &amp#27;[35m[WD Proxy]&amp#27;[39m Matched '/element/bbe250d3-c86b-46d5-986a-3aad9aba5d7c/attribute/displayed' to command name 'getAttribute'
[debug] &amp#27;[35m[WD Proxy]&amp#27;[39m Proxying [GET /element/bbe250d3-c86b-46d5-986a-3aad9aba5d7c/attribute/displayed] to [GET http://127.0.0.1:10000/wd/hub/session/b6b613ea-c9d6-4373-8504-6b49cca35dae/element/bbe250d3-c86b-46d5-986a-3aad9aba5d7c/attribute/displayed] with no body
[debug] &amp#27;[35m[WD Proxy]&amp#27;[39m Got response with status 200: {"sessionId":"b6b613ea-c9d6-4373-8504-6b49cca35dae","value":"true"}
[debug] &amp#27;[35m[W3C (17876c65)]&amp#27;[39m Responding to client with driver.elementDisplayed() result: true
&amp#27;[35m[HTTP]&amp#27;[39m &amp#27;[37m<-- GET /wd/hub/session/17876c65-bd2d-4377-b322-9c9653165383/element/bbe250d3-c86b-46d5-986a-3aad9aba5d7c/displayed &amp#27;[39m&amp#27;[32m200&amp#27;[39m &amp#27;[90m8 ms - 14&amp#27;[39m
&amp#27;[35m[HTTP]&amp#27;[39m &amp#27;[90m&amp#27;[39m
[INFO ] 2021-09-02 12:19:13.399 com.qa.pages.BaseTest:72 - login with nagarjunam@becon.co
&amp#27;[35m[HTTP]&amp#27;[39m &amp#27;[37m-->&amp#27;[39m &amp#27;[37mGET&amp#27;[39m &amp#27;[37m/wd/hub/session/17876c65-bd2d-4377-b322-9c9653165383/context&amp#27;[39m
&amp#27;[35m[HTTP]&amp#27;[39m &amp#27;[90m{}&amp#27;[39m
[debug] &amp#27;[35m[W3C (17876c65)]&amp#27;[39m Calling AppiumDriver.getCurrentContext() with args: ["17876c65-bd2d-4377-b322-9c9653165383"]
[debug] &amp#27;[35m[W3C (17876c65)]&amp#27;[39m Responding to client with driver.getCurrentContext() result: "NATIVE_APP"
&amp#27;[35m[HTTP]&amp#27;[39m &amp#27;[37m<-- GET /wd/hub/session/17876c65-bd2d-4377-b322-9c9653165383/context &amp#27;[39m&amp#27;[32m200&amp#27;[39m &amp#27;[90m1 ms - 22&amp#27;[39m
&amp#27;[35m[HTTP]&amp#27;[39m &amp#27;[90m&amp#27;[39m
[debug] &amp#27;[35m[AndroidDriver]&amp#27;[39m The overall screen recording duration is 1s so far
[debug] &amp#27;[35m[AndroidDriver]&amp#27;[39m Starting the next 179s-chunk of screen recording in order to achieve 180s total duration
[debug] &amp#27;[35m[ADB]&amp#27;[39m Building screenrecord process with the command line: adb -P 5037 -s emulator-5554 shell screenrecord --time-limit 179 /sdcard/5c0881e3.mp4
&amp#27;[35m[HTTP]&amp#27;[39m &amp#27;[37m-->&amp#27;[39m &amp#27;[37mPOST&amp#27;[39m &amp#27;[37m/wd/hub/session/17876c65-bd2d-4377-b322-9c9653165383/element&amp#27;[39m
&amp#27;[35m[HTTP]&amp#27;[39m &amp#27;[90m{"using":"id","value":"com.becon.ecom:id/email"}&amp#27;[39m
[debug] &amp#27;[35m[W3C (17876c65)]&amp#27;[39m Calling AppiumDriver.findElement() with args: ["id","com.becon.ecom:id/email","17876c65-bd2d-4377-b322-9c9653165383"]
[debug] &amp#27;[35m[BaseDriver]&amp#27;[39m Valid locator strategies for this request: xpath, id, class name, accessibility id, css selector, -android uiautomator
[debug] &amp#27;[35m[BaseDriver]&amp#27;[39m Waiting up to 0 ms for condition
[debug] &amp#27;[35m[WD Proxy]&amp#27;[39m Matched '/element' to command name 'findElement'
[debug] &amp#27;[35m[WD Proxy]&amp#27;[39m Proxying [POST /element] to [POST http://127.0.0.1:10000/wd/hub/session/b6b613ea-c9d6-4373-8504-6b49cca35dae/element] with body: {"strategy":"id","selector":"com.becon.ecom:id/email","context":"","multiple":false}
[debug] &amp#27;[35m[ADB]&amp#27;[39m Running '/Users/arjunmac/Library/Android/sdk/platform-tools/adb -P 5037 -s emulator-5554 shell "[ -e '/sdcard/5c0881e3.mp4' ] && echo __PASS__"'
[debug] &amp#27;[35m[WD Proxy]&amp#27;[39m Got response with status 200: {"sessionId":"b6b613ea-c9d6-4373-8504-6b49cca35dae","value":{"ELEMENT":"b3c7f031-552d-41dc-b76a-8c66304fa61b","element-6066-11e4-a52e-4f735466cecf":"b3c7f031-552d-41dc-b76a-8c66304fa61b"}}
[debug] &amp#27;[35m[W3C (17876c65)]&amp#27;[39m Responding to client with driver.findElement() result: {"element-6066-11e4-a52e-4f735466cecf":"b3c7f031-552d-41dc-b76a-8c66304fa61b","ELEMENT":"b3c7f031-552d-41dc-b76a-8c66304fa61b"}
&amp#27;[35m[HTTP]&amp#27;[39m &amp#27;[37m<-- POST /wd/hub/session/17876c65-bd2d-4377-b322-9c9653165383/element &amp#27;[39m&amp#27;[32m200&amp#27;[39m &amp#27;[90m18 ms - 137&amp#27;[39m
&amp#27;[35m[HTTP]&amp#27;[39m &amp#27;[90m&amp#27;[39m
[debug] &amp#27;[35m[ADB]&amp#27;[39m Running '/Users/arjunmac/Library/Android/sdk/platform-tools/adb -P 5037 -s emulator-5554 shell "[ -e '/sdcard/b8313f33.mp4' ] && echo __PASS__"'
&amp#27;[35m[HTTP]&amp#27;[39m &amp#27;[37m-->&amp#27;[39m &amp#27;[37mPOST&amp#27;[39m &amp#27;[37m/wd/hub/session/17876c65-bd2d-4377-b322-9c9653165383/element/b3c7f031-552d-41dc-b76a-8c66304fa61b/value&amp#27;[39m
&amp#27;[35m[HTTP]&amp#27;[39m &amp#27;[90m{"id":"b3c7f031-552d-41dc-b76a-8c66304fa61b","text":"nagarjunam@becon.co","value":["n","a","g","a","r","j","u","n","a","m","@","b","e","c","o","n",".","c","o"]}&amp#27;[39m
[debug] &amp#27;[35m[W3C (17876c65)]&amp#27;[39m Calling AppiumDriver.setValue() with args: [["n","a","g","a","r","j","u","n","a","m","@","b","e","c","o","n",".","c","o"],"b3c7f031-552d-41dc-b76a-8c66304fa61b","17876c65-bd2d-4377-b322-9c9653165383"]
[debug] &amp#27;[35m[WD Proxy]&amp#27;[39m Matched '/element/b3c7f031-552d-41dc-b76a-8c66304fa61b/value' to command name 'setValue'
[debug] &amp#27;[35m[Protocol Converter]&amp#27;[39m Added 'value' property ["n","a","g","a","r","j","u","n","a","m","@","b","e","c","o","n",".","c","o"] to 'setValue' request body
[debug] &amp#27;[35m[WD Proxy]&amp#27;[39m Proxying [POST /element/b3c7f031-552d-41dc-b76a-8c66304fa61b/value] to [POST http://127.0.0.1:10000/wd/hub/session/b6b613ea-c9d6-4373-8504-6b49cca35dae/element/b3c7f031-552d-41dc-b76a-8c66304fa61b/value] with body: {"elementId":"b3c7f031-552d-41dc-b76a-8c66304fa61b","text":"nagarjunam@becon.co","replace":false,"value":["n","a","g","a","r","j","u","n","a","m","@","b","e","c","o","n",".","c","o"]}
[debug] &amp#27;[35m[WD Proxy]&amp#27;[39m Got response with status 200: {"sessionId":"b6b613ea-c9d6-4373-8504-6b49cca35dae","value":null}
[debug] &amp#27;[35m[W3C (17876c65)]&amp#27;[39m Responding to client with driver.setValue() result: null
&amp#27;[35m[HTTP]&amp#27;[39m &amp#27;[37m<-- POST /wd/hub/session/17876c65-bd2d-4377-b322-9c9653165383/element/b3c7f031-552d-41dc-b76a-8c66304fa61b/value &amp#27;[39m&amp#27;[32m200&amp#27;[39m &amp#27;[90m35 ms - 14&amp#27;[39m
&amp#27;[35m[HTTP]&amp#27;[39m &amp#27;[90m&amp#27;[39m
  When I enter username as "nagarjunam@becon.co"                            # com.qa.stepdef.LoginStepDef.iEnterUsernameAs(java.lang.String)
&amp#27;[35m[HTTP]&amp#27;[39m &amp#27;[37m-->&amp#27;[39m &amp#27;[37mGET&amp#27;[39m &amp#27;[37m/wd/hub/session/17876c65-bd2d-4377-b322-9c9653165383/context&amp#27;[39m
&amp#27;[35m[HTTP]&amp#27;[39m &amp#27;[90m{}&amp#27;[39m
[debug] &amp#27;[35m[W3C (17876c65)]&amp#27;[39m Calling AppiumDriver.getCurrentContext() with args: ["17876c65-bd2d-4377-b322-9c9653165383"]
[debug] &amp#27;[35m[W3C (17876c65)]&amp#27;[39m Responding to client with driver.getCurrentContext() result: "NATIVE_APP"
&amp#27;[35m[HTTP]&amp#27;[39m &amp#27;[37m<-- GET /wd/hub/session/17876c65-bd2d-4377-b322-9c9653165383/context &amp#27;[39m&amp#27;[32m200&amp#27;[39m &amp#27;[90m1 ms - 22&amp#27;[39m
&amp#27;[35m[HTTP]&amp#27;[39m &amp#27;[90m&amp#27;[39m
&amp#27;[35m[HTTP]&amp#27;[39m &amp#27;[37m-->&amp#27;[39m &amp#27;[37mPOST&amp#27;[39m &amp#27;[37m/wd/hub/session/17876c65-bd2d-4377-b322-9c9653165383/element&amp#27;[39m
&amp#27;[35m[HTTP]&amp#27;[39m &amp#27;[90m{"using":"id","value":"com.becon.ecom:id/password"}&amp#27;[39m
[debug] &amp#27;[35m[W3C (17876c65)]&amp#27;[39m Calling AppiumDriver.findElement() with args: ["id","com.becon.ecom:id/password","17876c65-bd2d-4377-b322-9c9653165383"]
[debug] &amp#27;[35m[BaseDriver]&amp#27;[39m Valid locator strategies for this request: xpath, id, class name, accessibility id, css selector, -android uiautomator
[debug] &amp#27;[35m[BaseDriver]&amp#27;[39m Waiting up to 0 ms for condition
[debug] &amp#27;[35m[WD Proxy]&amp#27;[39m Matched '/element' to command name 'findElement'
[debug] &amp#27;[35m[WD Proxy]&amp#27;[39m Proxying [POST /element] to [POST http://127.0.0.1:10000/wd/hub/session/b6b613ea-c9d6-4373-8504-6b49cca35dae/element] with body: {"strategy":"id","selector":"com.becon.ecom:id/password","context":"","multiple":false}
[debug] &amp#27;[35m[ADB]&amp#27;[39m Running '/Users/arjunmac/Library/Android/sdk/platform-tools/adb -P 5037 -s emulator-5554 shell "[ -e '/sdcard/3fc22c6c.mp4' ] && echo __PASS__"'
[debug] &amp#27;[35m[AndroidDriver]&amp#27;[39m The overall screen recording duration is 1s so far
[debug] &amp#27;[35m[AndroidDriver]&amp#27;[39m Starting the next 179s-chunk of screen recording in order to achieve 180s total duration
[debug] &amp#27;[35m[ADB]&amp#27;[39m Building screenrecord process with the command line: adb -P 5037 -s emulator-5554 shell screenrecord --time-limit 179 /sdcard/0c721aad.mp4
[debug] &amp#27;[35m[ADB]&amp#27;[39m Running '/Users/arjunmac/Library/Android/sdk/platform-tools/adb -P 5037 -s emulator-5554 shell "[ -e '/sdcard/0c721aad.mp4' ] && echo __PASS__"'
[debug] &amp#27;[35m[ADB]&amp#27;[39m Running '/Users/arjunmac/Library/Android/sdk/platform-tools/adb -P 5037 -s emulator-5554 shell "[ -e '/sdcard/d3d230c9.mp4' ] && echo __PASS__"'
[debug] &amp#27;[35m[AndroidDriver]&amp#27;[39m The overall screen recording duration is 1s so far
[debug] &amp#27;[35m[AndroidDriver]&amp#27;[39m Starting the next 179s-chunk of screen recording in order to achieve 180s total duration
[debug] &amp#27;[35m[ADB]&amp#27;[39m Building screenrecord process with the command line: adb -P 5037 -s emulator-5554 shell screenrecord --time-limit 179 /sdcard/46941aa0.mp4
[debug] &amp#27;[35m[ADB]&amp#27;[39m Running '/Users/arjunmac/Library/Android/sdk/platform-tools/adb -P 5037 -s emulator-5554 shell "[ -e '/sdcard/46941aa0.mp4' ] && echo __PASS__"'
[debug] &amp#27;[35m[ADB]&amp#27;[39m Running '/Users/arjunmac/Library/Android/sdk/platform-tools/adb -P 5037 -s emulator-5554 shell "[ -e '/sdcard/da4904ab.mp4' ] && echo __PASS__"'
[debug] &amp#27;[35m[AndroidDriver]&amp#27;[39m The overall screen recording duration is 2s so far
[debug] &amp#27;[35m[AndroidDriver]&amp#27;[39m Starting the next 178s-chunk of screen recording in order to achieve 180s total duration
[debug] &amp#27;[35m[ADB]&amp#27;[39m Building screenrecord process with the command line: adb -P 5037 -s emulator-5554 shell screenrecord --time-limit 178 /sdcard/c035a7da.mp4
[debug] &amp#27;[35m[ADB]&amp#27;[39m Running '/Users/arjunmac/Library/Android/sdk/platform-tools/adb -P 5037 -s emulator-5554 shell "[ -e '/sdcard/c035a7da.mp4' ] && echo __PASS__"'
[debug] &amp#27;[35m[ADB]&amp#27;[39m Running '/Users/arjunmac/Library/Android/sdk/platform-tools/adb -P 5037 -s emulator-5554 shell "[ -e '/sdcard/5c0881e3.mp4' ] && echo __PASS__"'
[debug] &amp#27;[35m[AndroidDriver]&amp#27;[39m The overall screen recording duration is 2s so far
[debug] &amp#27;[35m[AndroidDriver]&amp#27;[39m Starting the next 178s-chunk of screen recording in order to achieve 180s total duration
[debug] &amp#27;[35m[ADB]&amp#27;[39m Building screenrecord process with the command line: adb -P 5037 -s emulator-5554 shell screenrecord --time-limit 178 /sdcard/59e53790.mp4
[debug] &amp#27;[35m[ADB]&amp#27;[39m Running '/Users/arjunmac/Library/Android/sdk/platform-tools/adb -P 5037 -s emulator-5554 shell "[ -e '/sdcard/59e53790.mp4' ] && echo __PASS__"'
[debug] &amp#27;[35m[AndroidDriver]&amp#27;[39m The overall screen recording duration is 2s so far
[debug] &amp#27;[35m[AndroidDriver]&amp#27;[39m Starting the next 178s-chunk of screen recording in order to achieve 180s total duration
[debug] &amp#27;[35m[ADB]&amp#27;[39m Building screenrecord process with the command line: adb -P 5037 -s emulator-5554 shell screenrecord --time-limit 178 /sdcard/d47168ec.mp4
[debug] &amp#27;[35m[ADB]&amp#27;[39m Running '/Users/arjunmac/Library/Android/sdk/platform-tools/adb -P 5037 -s emulator-5554 shell "[ -e '/sdcard/d47168ec.mp4' ] && echo __PASS__"'
[debug] &amp#27;[35m[ADB]&amp#27;[39m Running '/Users/arjunmac/Library/Android/sdk/platform-tools/adb -P 5037 -s emulator-5554 shell "[ -e '/sdcard/0c721aad.mp4' ] && echo __PASS__"'
[debug] &amp#27;[35m[AndroidDriver]&amp#27;[39m The overall screen recording duration is 2s so far
[debug] &amp#27;[35m[AndroidDriver]&amp#27;[39m Starting the next 178s-chunk of screen recording in order to achieve 180s total duration
[debug] &amp#27;[35m[ADB]&amp#27;[39m Building screenrecord process with the command line: adb -P 5037 -s emulator-5554 shell screenrecord --time-limit 178 /sdcard/bf81a426.mp4
[debug] &amp#27;[35m[ADB]&amp#27;[39m Running '/Users/arjunmac/Library/Android/sdk/platform-tools/adb -P 5037 -s emulator-5554 shell "[ -e '/sdcard/bf81a426.mp4' ] && echo __PASS__"'
[debug] &amp#27;[35m[ADB]&amp#27;[39m Running '/Users/arjunmac/Library/Android/sdk/platform-tools/adb -P 5037 -s emulator-5554 shell "[ -e '/sdcard/46941aa0.mp4' ] && echo __PASS__"'
[debug] &amp#27;[35m[AndroidDriver]&amp#27;[39m The overall screen recording duration is 2s so far
[debug] &amp#27;[35m[AndroidDriver]&amp#27;[39m Starting the next 178s-chunk of screen recording in order to achieve 180s total duration
[debug] &amp#27;[35m[ADB]&amp#27;[39m Building screenrecord process with the command line: adb -P 5037 -s emulator-5554 shell screenrecord --time-limit 178 /sdcard/97bc2f05.mp4
[debug] &amp#27;[35m[ADB]&amp#27;[39m Running '/Users/arjunmac/Library/Android/sdk/platform-tools/adb -P 5037 -s emulator-5554 shell "[ -e '/sdcard/97bc2f05.mp4' ] && echo __PASS__"'
[debug] &amp#27;[35m[WD Proxy]&amp#27;[39m Got response with status 200: {"sessionId":"b6b613ea-c9d6-4373-8504-6b49cca35dae","value":{"ELEMENT":"cf6deefc-592f-4abc-aafa-90cbd5e4ec03","element-6066-11e4-a52e-4f735466cecf":"cf6deefc-592f-4abc-aafa-90cbd5e4ec03"}}
[debug] &amp#27;[35m[W3C (17876c65)]&amp#27;[39m Responding to client with driver.findElement() result: {"element-6066-11e4-a52e-4f735466cecf":"cf6deefc-592f-4abc-aafa-90cbd5e4ec03","ELEMENT":"cf6deefc-592f-4abc-aafa-90cbd5e4ec03"}
&amp#27;[35m[HTTP]&amp#27;[39m &amp#27;[37m<-- POST /wd/hub/session/17876c65-bd2d-4377-b322-9c9653165383/element &amp#27;[39m&amp#27;[32m200&amp#27;[39m &amp#27;[90m503 ms - 137&amp#27;[39m
&amp#27;[35m[HTTP]&amp#27;[39m &amp#27;[90m&amp#27;[39m
&amp#27;[35m[HTTP]&amp#27;[39m &amp#27;[37m-->&amp#27;[39m &amp#27;[37mGET&amp#27;[39m &amp#27;[37m/wd/hub/session/17876c65-bd2d-4377-b322-9c9653165383/element/cf6deefc-592f-4abc-aafa-90cbd5e4ec03/displayed&amp#27;[39m
&amp#27;[35m[HTTP]&amp#27;[39m &amp#27;[90m{}&amp#27;[39m
[debug] &amp#27;[35m[W3C (17876c65)]&amp#27;[39m Calling AppiumDriver.elementDisplayed() with args: ["cf6deefc-592f-4abc-aafa-90cbd5e4ec03","17876c65-bd2d-4377-b322-9c9653165383"]
[debug] &amp#27;[35m[WD Proxy]&amp#27;[39m Matched '/element/cf6deefc-592f-4abc-aafa-90cbd5e4ec03/attribute/displayed' to command name 'getAttribute'
[debug] &amp#27;[35m[WD Proxy]&amp#27;[39m Proxying [GET /element/cf6deefc-592f-4abc-aafa-90cbd5e4ec03/attribute/displayed] to [GET http://127.0.0.1:10000/wd/hub/session/b6b613ea-c9d6-4373-8504-6b49cca35dae/element/cf6deefc-592f-4abc-aafa-90cbd5e4ec03/attribute/displayed] with no body
[debug] &amp#27;[35m[ADB]&amp#27;[39m Running '/Users/arjunmac/Library/Android/sdk/platform-tools/adb -P 5037 -s emulator-5554 shell "[ -e '/sdcard/c035a7da.mp4' ] && echo __PASS__"'
[debug] &amp#27;[35m[WD Proxy]&amp#27;[39m Got response with status 200: {"sessionId":"b6b613ea-c9d6-4373-8504-6b49cca35dae","value":"true"}
[debug] &amp#27;[35m[W3C (17876c65)]&amp#27;[39m Responding to client with driver.elementDisplayed() result: true
&amp#27;[35m[HTTP]&amp#27;[39m &amp#27;[37m<-- GET /wd/hub/session/17876c65-bd2d-4377-b322-9c9653165383/element/cf6deefc-592f-4abc-aafa-90cbd5e4ec03/displayed &amp#27;[39m&amp#27;[32m200&amp#27;[39m &amp#27;[90m10 ms - 14&amp#27;[39m
&amp#27;[35m[HTTP]&amp#27;[39m &amp#27;[90m&amp#27;[39m
&amp#27;[35m[HTTP]&amp#27;[39m &amp#27;[37m-->&amp#27;[39m &amp#27;[37mGET&amp#27;[39m &amp#27;[37m/wd/hub/session/17876c65-bd2d-4377-b322-9c9653165383/context&amp#27;[39m
&amp#27;[35m[HTTP]&amp#27;[39m &amp#27;[90m{}&amp#27;[39m
[debug] &amp#27;[35m[W3C (17876c65)]&amp#27;[39m Calling AppiumDriver.getCurrentContext() with args: ["17876c65-bd2d-4377-b322-9c9653165383"]
[debug] &amp#27;[35m[W3C (17876c65)]&amp#27;[39m Responding to client with driver.getCurrentContext() result: "NATIVE_APP"
&amp#27;[35m[HTTP]&amp#27;[39m &amp#27;[37m<-- GET /wd/hub/session/17876c65-bd2d-4377-b322-9c9653165383/context &amp#27;[39m&amp#27;[32m200&amp#27;[39m &amp#27;[90m1 ms - 22&amp#27;[39m
&amp#27;[35m[HTTP]&amp#27;[39m &amp#27;[90m&amp#27;[39m
&amp#27;[35m[HTTP]&amp#27;[39m &amp#27;[37m-->&amp#27;[39m &amp#27;[37mPOST&amp#27;[39m &amp#27;[37m/wd/hub/session/17876c65-bd2d-4377-b322-9c9653165383/element&amp#27;[39m
&amp#27;[35m[HTTP]&amp#27;[39m &amp#27;[90m{"using":"id","value":"com.becon.ecom:id/password"}&amp#27;[39m
[debug] &amp#27;[35m[W3C (17876c65)]&amp#27;[39m Calling AppiumDriver.findElement() with args: ["id","com.becon.ecom:id/password","17876c65-bd2d-4377-b322-9c9653165383"]
[debug] &amp#27;[35m[BaseDriver]&amp#27;[39m Valid locator strategies for this request: xpath, id, class name, accessibility id, css selector, -android uiautomator
[debug] &amp#27;[35m[BaseDriver]&amp#27;[39m Waiting up to 0 ms for condition
[debug] &amp#27;[35m[WD Proxy]&amp#27;[39m Matched '/element' to command name 'findElement'
[debug] &amp#27;[35m[WD Proxy]&amp#27;[39m Proxying [POST /element] to [POST http://127.0.0.1:10000/wd/hub/session/b6b613ea-c9d6-4373-8504-6b49cca35dae/element] with body: {"strategy":"id","selector":"com.becon.ecom:id/password","context":"","multiple":false}
[debug] &amp#27;[35m[WD Proxy]&amp#27;[39m Got response with status 200: {"sessionId":"b6b613ea-c9d6-4373-8504-6b49cca35dae","value":{"ELEMENT":"3c3d7049-4028-44ff-aedd-acde14a50d2c","element-6066-11e4-a52e-4f735466cecf":"3c3d7049-4028-44ff-aedd-acde14a50d2c"}}
[debug] &amp#27;[35m[W3C (17876c65)]&amp#27;[39m Responding to client with driver.findElement() result: {"element-6066-11e4-a52e-4f735466cecf":"3c3d7049-4028-44ff-aedd-acde14a50d2c","ELEMENT":"3c3d7049-4028-44ff-aedd-acde14a50d2c"}
&amp#27;[35m[HTTP]&amp#27;[39m &amp#27;[37m<-- POST /wd/hub/session/17876c65-bd2d-4377-b322-9c9653165383/element &amp#27;[39m&amp#27;[32m200&amp#27;[39m &amp#27;[90m15 ms - 137&amp#27;[39m
&amp#27;[35m[HTTP]&amp#27;[39m &amp#27;[90m&amp#27;[39m
&amp#27;[35m[HTTP]&amp#27;[39m &amp#27;[37m-->&amp#27;[39m &amp#27;[37mPOST&amp#27;[39m &amp#27;[37m/wd/hub/session/17876c65-bd2d-4377-b322-9c9653165383/element/3c3d7049-4028-44ff-aedd-acde14a50d2c/clear&amp#27;[39m
&amp#27;[35m[HTTP]&amp#27;[39m &amp#27;[90m{"id":"3c3d7049-4028-44ff-aedd-acde14a50d2c"}&amp#27;[39m
[debug] &amp#27;[35m[W3C (17876c65)]&amp#27;[39m Calling AppiumDriver.clear() with args: ["3c3d7049-4028-44ff-aedd-acde14a50d2c","17876c65-bd2d-4377-b322-9c9653165383"]
[debug] &amp#27;[35m[WD Proxy]&amp#27;[39m Matched '/element/3c3d7049-4028-44ff-aedd-acde14a50d2c/clear' to command name 'clear'
[debug] &amp#27;[35m[WD Proxy]&amp#27;[39m Proxying [POST /element/3c3d7049-4028-44ff-aedd-acde14a50d2c/clear] to [POST http://127.0.0.1:10000/wd/hub/session/b6b613ea-c9d6-4373-8504-6b49cca35dae/element/3c3d7049-4028-44ff-aedd-acde14a50d2c/clear] with body: {"elementId":"3c3d7049-4028-44ff-aedd-acde14a50d2c"}
[debug] &amp#27;[35m[AndroidDriver]&amp#27;[39m The overall screen recording duration is 2s so far
[debug] &amp#27;[35m[AndroidDriver]&amp#27;[39m Starting the next 178s-chunk of screen recording in order to achieve 180s total duration
[debug] &amp#27;[35m[ADB]&amp#27;[39m Building screenrecord process with the command line: adb -P 5037 -s emulator-5554 shell screenrecord --time-limit 178 /sdcard/520370d7.mp4
[debug] &amp#27;[35m[ADB]&amp#27;[39m Running '/Users/arjunmac/Library/Android/sdk/platform-tools/adb -P 5037 -s emulator-5554 shell "[ -e '/sdcard/520370d7.mp4' ] && echo __PASS__"'
[debug] &amp#27;[35m[WD Proxy]&amp#27;[39m Got response with status 200: {"sessionId":"b6b613ea-c9d6-4373-8504-6b49cca35dae","value":null}
[debug] &amp#27;[35m[W3C (17876c65)]&amp#27;[39m Responding to client with driver.clear() result: null
&amp#27;[35m[HTTP]&amp#27;[39m &amp#27;[37m<-- POST /wd/hub/session/17876c65-bd2d-4377-b322-9c9653165383/element/3c3d7049-4028-44ff-aedd-acde14a50d2c/clear &amp#27;[39m&amp#27;[32m200&amp#27;[39m &amp#27;[90m18 ms - 14&amp#27;[39m
&amp#27;[35m[HTTP]&amp#27;[39m &amp#27;[90m&amp#27;[39m
&amp#27;[35m[HTTP]&amp#27;[39m &amp#27;[37m-->&amp#27;[39m &amp#27;[37mGET&amp#27;[39m &amp#27;[37m/wd/hub/session/17876c65-bd2d-4377-b322-9c9653165383/context&amp#27;[39m
&amp#27;[35m[HTTP]&amp#27;[39m &amp#27;[90m{}&amp#27;[39m
[debug] &amp#27;[35m[W3C (17876c65)]&amp#27;[39m Calling AppiumDriver.getCurrentContext() with args: ["17876c65-bd2d-4377-b322-9c9653165383"]
[debug] &amp#27;[35m[W3C (17876c65)]&amp#27;[39m Responding to client with driver.getCurrentContext() result: "NATIVE_APP"
&amp#27;[35m[HTTP]&amp#27;[39m &amp#27;[37m<-- GET /wd/hub/session/17876c65-bd2d-4377-b322-9c9653165383/context &amp#27;[39m&amp#27;[32m200&amp#27;[39m &amp#27;[90m1 ms - 22&amp#27;[39m
&amp#27;[35m[HTTP]&amp#27;[39m &amp#27;[90m&amp#27;[39m
&amp#27;[35m[HTTP]&amp#27;[39m &amp#27;[37m-->&amp#27;[39m &amp#27;[37mPOST&amp#27;[39m &amp#27;[37m/wd/hub/session/17876c65-bd2d-4377-b322-9c9653165383/element&amp#27;[39m
&amp#27;[35m[HTTP]&amp#27;[39m &amp#27;[90m{"using":"id","value":"com.becon.ecom:id/password"}&amp#27;[39m
[debug] &amp#27;[35m[W3C (17876c65)]&amp#27;[39m Calling AppiumDriver.findElement() with args: ["id","com.becon.ecom:id/password","17876c65-bd2d-4377-b322-9c9653165383"]
[debug] &amp#27;[35m[BaseDriver]&amp#27;[39m Valid locator strategies for this request: xpath, id, class name, accessibility id, css selector, -android uiautomator
[debug] &amp#27;[35m[BaseDriver]&amp#27;[39m Waiting up to 0 ms for condition
[debug] &amp#27;[35m[WD Proxy]&amp#27;[39m Matched '/element' to command name 'findElement'
[debug] &amp#27;[35m[WD Proxy]&amp#27;[39m Proxying [POST /element] to [POST http://127.0.0.1:10000/wd/hub/session/b6b613ea-c9d6-4373-8504-6b49cca35dae/element] with body: {"strategy":"id","selector":"com.becon.ecom:id/password","context":"","multiple":false}
[debug] &amp#27;[35m[WD Proxy]&amp#27;[39m Got response with status 200: {"sessionId":"b6b613ea-c9d6-4373-8504-6b49cca35dae","value":{"ELEMENT":"eaf21953-ee67-42c9-8530-8d4c1d024b6c","element-6066-11e4-a52e-4f735466cecf":"eaf21953-ee67-42c9-8530-8d4c1d024b6c"}}
[debug] &amp#27;[35m[W3C (17876c65)]&amp#27;[39m Responding to client with driver.findElement() result: {"element-6066-11e4-a52e-4f735466cecf":"eaf21953-ee67-42c9-8530-8d4c1d024b6c","ELEMENT":"eaf21953-ee67-42c9-8530-8d4c1d024b6c"}
&amp#27;[35m[HTTP]&amp#27;[39m &amp#27;[37m<-- POST /wd/hub/session/17876c65-bd2d-4377-b322-9c9653165383/element &amp#27;[39m&amp#27;[32m200&amp#27;[39m &amp#27;[90m19 ms - 137&amp#27;[39m
&amp#27;[35m[HTTP]&amp#27;[39m &amp#27;[90m&amp#27;[39m
&amp#27;[35m[HTTP]&amp#27;[39m &amp#27;[37m-->&amp#27;[39m &amp#27;[37mGET&amp#27;[39m &amp#27;[37m/wd/hub/session/17876c65-bd2d-4377-b322-9c9653165383/element/eaf21953-ee67-42c9-8530-8d4c1d024b6c/displayed&amp#27;[39m
&amp#27;[35m[HTTP]&amp#27;[39m &amp#27;[90m{}&amp#27;[39m
[debug] &amp#27;[35m[W3C (17876c65)]&amp#27;[39m Calling AppiumDriver.elementDisplayed() with args: ["eaf21953-ee67-42c9-8530-8d4c1d024b6c","17876c65-bd2d-4377-b322-9c9653165383"]
[debug] &amp#27;[35m[WD Proxy]&amp#27;[39m Matched '/element/eaf21953-ee67-42c9-8530-8d4c1d024b6c/attribute/displayed' to command name 'getAttribute'
[debug] &amp#27;[35m[WD Proxy]&amp#27;[39m Proxying [GET /element/eaf21953-ee67-42c9-8530-8d4c1d024b6c/attribute/displayed] to [GET http://127.0.0.1:10000/wd/hub/session/b6b613ea-c9d6-4373-8504-6b49cca35dae/element/eaf21953-ee67-42c9-8530-8d4c1d024b6c/attribute/displayed] with no body
[debug] &amp#27;[35m[ADB]&amp#27;[39m Running '/Users/arjunmac/Library/Android/sdk/platform-tools/adb -P 5037 -s emulator-5554 shell "[ -e '/sdcard/59e53790.mp4' ] && echo __PASS__"'
[debug] &amp#27;[35m[AndroidDriver]&amp#27;[39m The overall screen recording duration is 2s so far
[debug] &amp#27;[35m[AndroidDriver]&amp#27;[39m Starting the next 178s-chunk of screen recording in order to achieve 180s total duration
[debug] &amp#27;[35m[ADB]&amp#27;[39m Building screenrecord process with the command line: adb -P 5037 -s emulator-5554 shell screenrecord --time-limit 178 /sdcard/9a1c9660.mp4
[debug] &amp#27;[35m[ADB]&amp#27;[39m Running '/Users/arjunmac/Library/Android/sdk/platform-tools/adb -P 5037 -s emulator-5554 shell "[ -e '/sdcard/9a1c9660.mp4' ] && echo __PASS__"'
[debug] &amp#27;[35m[ADB]&amp#27;[39m Running '/Users/arjunmac/Library/Android/sdk/platform-tools/adb -P 5037 -s emulator-5554 shell "[ -e '/sdcard/d47168ec.mp4' ] && echo __PASS__"'
[debug] &amp#27;[35m[AndroidDriver]&amp#27;[39m The overall screen recording duration is 2s so far
[debug] &amp#27;[35m[AndroidDriver]&amp#27;[39m Starting the next 178s-chunk of screen recording in order to achieve 180s total duration
[debug] &amp#27;[35m[ADB]&amp#27;[39m Building screenrecord process with the command line: adb -P 5037 -s emulator-5554 shell screenrecord --time-limit 178 /sdcard/0801416d.mp4
[debug] &amp#27;[35m[ADB]&amp#27;[39m Running '/Users/arjunmac/Library/Android/sdk/platform-tools/adb -P 5037 -s emulator-5554 shell "[ -e '/sdcard/0801416d.mp4' ] && echo __PASS__"'
[debug] &amp#27;[35m[ADB]&amp#27;[39m Running '/Users/arjunmac/Library/Android/sdk/platform-tools/adb -P 5037 -s emulator-5554 shell "[ -e '/sdcard/bf81a426.mp4' ] && echo __PASS__"'
[debug] &amp#27;[35m[AndroidDriver]&amp#27;[39m The overall screen recording duration is 2s so far
[debug] &amp#27;[35m[AndroidDriver]&amp#27;[39m Starting the next 178s-chunk of screen recording in order to achieve 180s total duration
[debug] &amp#27;[35m[ADB]&amp#27;[39m Building screenrecord process with the command line: adb -P 5037 -s emulator-5554 shell screenrecord --time-limit 178 /sdcard/37a363a1.mp4
[debug] &amp#27;[35m[ADB]&amp#27;[39m Running '/Users/arjunmac/Library/Android/sdk/platform-tools/adb -P 5037 -s emulator-5554 shell "[ -e '/sdcard/37a363a1.mp4' ] && echo __PASS__"'
[debug] &amp#27;[35m[ADB]&amp#27;[39m Running '/Users/arjunmac/Library/Android/sdk/platform-tools/adb -P 5037 -s emulator-5554 shell "[ -e '/sdcard/97bc2f05.mp4' ] && echo __PASS__"'
[debug] &amp#27;[35m[AndroidDriver]&amp#27;[39m The overall screen recording duration is 2s so far
[debug] &amp#27;[35m[AndroidDriver]&amp#27;[39m Starting the next 178s-chunk of screen recording in order to achieve 180s total duration
[debug] &amp#27;[35m[ADB]&amp#27;[39m Building screenrecord process with the command line: adb -P 5037 -s emulator-5554 shell screenrecord --time-limit 178 /sdcard/8be36b0e.mp4
[debug] &amp#27;[35m[ADB]&amp#27;[39m Running '/Users/arjunmac/Library/Android/sdk/platform-tools/adb -P 5037 -s emulator-5554 shell "[ -e '/sdcard/8be36b0e.mp4' ] && echo __PASS__"'
[debug] &amp#27;[35m[ADB]&amp#27;[39m Running '/Users/arjunmac/Library/Android/sdk/platform-tools/adb -P 5037 -s emulator-5554 shell "[ -e '/sdcard/520370d7.mp4' ] && echo __PASS__"'
[debug] &amp#27;[35m[AndroidDriver]&amp#27;[39m The overall screen recording duration is 2s so far
[debug] &amp#27;[35m[AndroidDriver]&amp#27;[39m Starting the next 178s-chunk of screen recording in order to achieve 180s total duration
[debug] &amp#27;[35m[ADB]&amp#27;[39m Building screenrecord process with the command line: adb -P 5037 -s emulator-5554 shell screenrecord --time-limit 178 /sdcard/e070eb42.mp4
[debug] &amp#27;[35m[ADB]&amp#27;[39m Running '/Users/arjunmac/Library/Android/sdk/platform-tools/adb -P 5037 -s emulator-5554 shell "[ -e '/sdcard/e070eb42.mp4' ] && echo __PASS__"'
[debug] &amp#27;[35m[ADB]&amp#27;[39m Running '/Users/arjunmac/Library/Android/sdk/platform-tools/adb -P 5037 -s emulator-5554 shell "[ -e '/sdcard/9a1c9660.mp4' ] && echo __PASS__"'
[debug] &amp#27;[35m[AndroidDriver]&amp#27;[39m The overall screen recording duration is 2s so far
[debug] &amp#27;[35m[AndroidDriver]&amp#27;[39m Starting the next 178s-chunk of screen recording in order to achieve 180s total duration
[debug] &amp#27;[35m[ADB]&amp#27;[39m Building screenrecord process with the command line: adb -P 5037 -s emulator-5554 shell screenrecord --time-limit 178 /sdcard/37ab1cbe.mp4
[debug] &amp#27;[35m[ADB]&amp#27;[39m Running '/Users/arjunmac/Library/Android/sdk/platform-tools/adb -P 5037 -s emulator-5554 shell "[ -e '/sdcard/37ab1cbe.mp4' ] && echo __PASS__"'
[debug] &amp#27;[35m[ADB]&amp#27;[39m Running '/Users/arjunmac/Library/Android/sdk/platform-tools/adb -P 5037 -s emulator-5554 shell "[ -e '/sdcard/0801416d.mp4' ] && echo __PASS__"'
[debug] &amp#27;[35m[AndroidDriver]&amp#27;[39m The overall screen recording duration is 2s so far
[debug] &amp#27;[35m[AndroidDriver]&amp#27;[39m Starting the next 178s-chunk of screen recording in order to achieve 180s total duration
[debug] &amp#27;[35m[ADB]&amp#27;[39m Building screenrecord process with the command line: adb -P 5037 -s emulator-5554 shell screenrecord --time-limit 178 /sdcard/3c162ddc.mp4
[debug] &amp#27;[35m[ADB]&amp#27;[39m Running '/Users/arjunmac/Library/Android/sdk/platform-tools/adb -P 5037 -s emulator-5554 shell "[ -e '/sdcard/3c162ddc.mp4' ] && echo __PASS__"'
[debug] &amp#27;[35m[ADB]&amp#27;[39m Running '/Users/arjunmac/Library/Android/sdk/platform-tools/adb -P 5037 -s emulator-5554 shell "[ -e '/sdcard/37a363a1.mp4' ] && echo __PASS__"'
[debug] &amp#27;[35m[AndroidDriver]&amp#27;[39m The overall screen recording duration is 2s so far
[debug] &amp#27;[35m[AndroidDriver]&amp#27;[39m Starting the next 178s-chunk of screen recording in order to achieve 180s total duration
[debug] &amp#27;[35m[ADB]&amp#27;[39m Building screenrecord process with the command line: adb -P 5037 -s emulator-5554 shell screenrecord --time-limit 178 /sdcard/aa75feeb.mp4
[debug] &amp#27;[35m[ADB]&amp#27;[39m Running '/Users/arjunmac/Library/Android/sdk/platform-tools/adb -P 5037 -s emulator-5554 shell "[ -e '/sdcard/aa75feeb.mp4' ] && echo __PASS__"'
[debug] &amp#27;[35m[ADB]&amp#27;[39m Running '/Users/arjunmac/Library/Android/sdk/platform-tools/adb -P 5037 -s emulator-5554 shell "[ -e '/sdcard/8be36b0e.mp4' ] && echo __PASS__"'
[debug] &amp#27;[35m[WD Proxy]&amp#27;[39m Got response with status 200: {"sessionId":"b6b613ea-c9d6-4373-8504-6b49cca35dae","value":"true"}
[debug] &amp#27;[35m[W3C (17876c65)]&amp#27;[39m Responding to client with driver.elementDisplayed() result: true
&amp#27;[35m[HTTP]&amp#27;[39m &amp#27;[37m<-- GET /wd/hub/session/17876c65-bd2d-4377-b322-9c9653165383/element/eaf21953-ee67-42c9-8530-8d4c1d024b6c/displayed &amp#27;[39m&amp#27;[32m200&amp#27;[39m &amp#27;[90m574 ms - 14&amp#27;[39m
&amp#27;[35m[HTTP]&amp#27;[39m &amp#27;[90m&amp#27;[39m
[INFO ] 2021-09-02 12:19:14.632 com.qa.pages.BaseTest:72 - password is 1234567890
&amp#27;[35m[HTTP]&amp#27;[39m &amp#27;[37m-->&amp#27;[39m &amp#27;[37mGET&amp#27;[39m &amp#27;[37m/wd/hub/session/17876c65-bd2d-4377-b322-9c9653165383/context&amp#27;[39m
&amp#27;[35m[HTTP]&amp#27;[39m &amp#27;[90m{}&amp#27;[39m
[debug] &amp#27;[35m[W3C (17876c65)]&amp#27;[39m Calling AppiumDriver.getCurrentContext() with args: ["17876c65-bd2d-4377-b322-9c9653165383"]
[debug] &amp#27;[35m[W3C (17876c65)]&amp#27;[39m Responding to client with driver.getCurrentContext() result: "NATIVE_APP"
&amp#27;[35m[HTTP]&amp#27;[39m &amp#27;[37m<-- GET /wd/hub/session/17876c65-bd2d-4377-b322-9c9653165383/context &amp#27;[39m&amp#27;[32m200&amp#27;[39m &amp#27;[90m1 ms - 22&amp#27;[39m
&amp#27;[35m[HTTP]&amp#27;[39m &amp#27;[90m&amp#27;[39m
&amp#27;[35m[HTTP]&amp#27;[39m &amp#27;[37m-->&amp#27;[39m &amp#27;[37mPOST&amp#27;[39m &amp#27;[37m/wd/hub/session/17876c65-bd2d-4377-b322-9c9653165383/element&amp#27;[39m
&amp#27;[35m[HTTP]&amp#27;[39m &amp#27;[90m{"using":"id","value":"com.becon.ecom:id/password"}&amp#27;[39m
[debug] &amp#27;[35m[W3C (17876c65)]&amp#27;[39m Calling AppiumDriver.findElement() with args: ["id","com.becon.ecom:id/password","17876c65-bd2d-4377-b322-9c9653165383"]
[debug] &amp#27;[35m[BaseDriver]&amp#27;[39m Valid locator strategies for this request: xpath, id, class name, accessibility id, css selector, -android uiautomator
[debug] &amp#27;[35m[BaseDriver]&amp#27;[39m Waiting up to 0 ms for condition
[debug] &amp#27;[35m[WD Proxy]&amp#27;[39m Matched '/element' to command name 'findElement'
[debug] &amp#27;[35m[WD Proxy]&amp#27;[39m Proxying [POST /element] to [POST http://127.0.0.1:10000/wd/hub/session/b6b613ea-c9d6-4373-8504-6b49cca35dae/element] with body: {"strategy":"id","selector":"com.becon.ecom:id/password","context":"","multiple":false}
[debug] &amp#27;[35m[WD Proxy]&amp#27;[39m Got response with status 200: {"sessionId":"b6b613ea-c9d6-4373-8504-6b49cca35dae","value":{"ELEMENT":"cdada976-7c40-4605-876b-a895c69cfa6a","element-6066-11e4-a52e-4f735466cecf":"cdada976-7c40-4605-876b-a895c69cfa6a"}}
[debug] &amp#27;[35m[W3C (17876c65)]&amp#27;[39m Responding to client with driver.findElement() result: {"element-6066-11e4-a52e-4f735466cecf":"cdada976-7c40-4605-876b-a895c69cfa6a","ELEMENT":"cdada976-7c40-4605-876b-a895c69cfa6a"}
&amp#27;[35m[HTTP]&amp#27;[39m &amp#27;[37m<-- POST /wd/hub/session/17876c65-bd2d-4377-b322-9c9653165383/element &amp#27;[39m&amp#27;[32m200&amp#27;[39m &amp#27;[90m16 ms - 137&amp#27;[39m
&amp#27;[35m[HTTP]&amp#27;[39m &amp#27;[90m&amp#27;[39m
&amp#27;[35m[HTTP]&amp#27;[39m &amp#27;[37m-->&amp#27;[39m &amp#27;[37mPOST&amp#27;[39m &amp#27;[37m/wd/hub/session/17876c65-bd2d-4377-b322-9c9653165383/element/cdada976-7c40-4605-876b-a895c69cfa6a/value&amp#27;[39m
&amp#27;[35m[HTTP]&amp#27;[39m &amp#27;[90m{"id":"cdada976-7c40-4605-876b-a895c69cfa6a","text":"1234567890","value":["1","2","3","4","5","6","7","8","9","0"]}&amp#27;[39m
[debug] &amp#27;[35m[W3C (17876c65)]&amp#27;[39m Calling AppiumDriver.setValue() with args: [["1","2","3","4","5","6","7","8","9","0"],"cdada976-7c40-4605-876b-a895c69cfa6a","17876c65-bd2d-4377-b322-9c9653165383"]
[debug] &amp#27;[35m[WD Proxy]&amp#27;[39m Matched '/element/cdada976-7c40-4605-876b-a895c69cfa6a/value' to command name 'setValue'
[debug] &amp#27;[35m[Protocol Converter]&amp#27;[39m Added 'value' property ["1","2","3","4","5","6","7","8","9","0"] to 'setValue' request body
[debug] &amp#27;[35m[WD Proxy]&amp#27;[39m Proxying [POST /element/cdada976-7c40-4605-876b-a895c69cfa6a/value] to [POST http://127.0.0.1:10000/wd/hub/session/b6b613ea-c9d6-4373-8504-6b49cca35dae/element/cdada976-7c40-4605-876b-a895c69cfa6a/value] with body: {"elementId":"cdada976-7c40-4605-876b-a895c69cfa6a","text":"1234567890","replace":false,"value":["1","2","3","4","5","6","7","8","9","0"]}
[debug] &amp#27;[35m[AndroidDriver]&amp#27;[39m The overall screen recording duration is 3s so far
[debug] &amp#27;[35m[AndroidDriver]&amp#27;[39m Starting the next 177s-chunk of screen recording in order to achieve 180s total duration
[debug] &amp#27;[35m[ADB]&amp#27;[39m Building screenrecord process with the command line: adb -P 5037 -s emulator-5554 shell screenrecord --time-limit 177 /sdcard/c3ffe987.mp4
[debug] &amp#27;[35m[ADB]&amp#27;[39m Running '/Users/arjunmac/Library/Android/sdk/platform-tools/adb -P 5037 -s emulator-5554 shell "[ -e '/sdcard/c3ffe987.mp4' ] && echo __PASS__"'
[debug] &amp#27;[35m[ADB]&amp#27;[39m Running '/Users/arjunmac/Library/Android/sdk/platform-tools/adb -P 5037 -s emulator-5554 shell "[ -e '/sdcard/e070eb42.mp4' ] && echo __PASS__"'
[debug] &amp#27;[35m[AndroidDriver]&amp#27;[39m The overall screen recording duration is 3s so far
[debug] &amp#27;[35m[AndroidDriver]&amp#27;[39m Starting the next 177s-chunk of screen recording in order to achieve 180s total duration
[debug] &amp#27;[35m[ADB]&amp#27;[39m Building screenrecord process with the command line: adb -P 5037 -s emulator-5554 shell screenrecord --time-limit 177 /sdcard/64bc7339.mp4
[debug] &amp#27;[35m[ADB]&amp#27;[39m Running '/Users/arjunmac/Library/Android/sdk/platform-tools/adb -P 5037 -s emulator-5554 shell "[ -e '/sdcard/64bc7339.mp4' ] && echo __PASS__"'
[debug] &amp#27;[35m[ADB]&amp#27;[39m Running '/Users/arjunmac/Library/Android/sdk/platform-tools/adb -P 5037 -s emulator-5554 shell "[ -e '/sdcard/37ab1cbe.mp4' ] && echo __PASS__"'
[debug] &amp#27;[35m[AndroidDriver]&amp#27;[39m The overall screen recording duration is 3s so far
[debug] &amp#27;[35m[AndroidDriver]&amp#27;[39m Starting the next 177s-chunk of screen recording in order to achieve 180s total duration
[debug] &amp#27;[35m[ADB]&amp#27;[39m Building screenrecord process with the command line: adb -P 5037 -s emulator-5554 shell screenrecord --time-limit 177 /sdcard/1261f053.mp4
[debug] &amp#27;[35m[ADB]&amp#27;[39m Running '/Users/arjunmac/Library/Android/sdk/platform-tools/adb -P 5037 -s emulator-5554 shell "[ -e '/sdcard/3c162ddc.mp4' ] && echo __PASS__"'
[debug] &amp#27;[35m[ADB]&amp#27;[39m Running '/Users/arjunmac/Library/Android/sdk/platform-tools/adb -P 5037 -s emulator-5554 shell "[ -e '/sdcard/1261f053.mp4' ] && echo __PASS__"'
[debug] &amp#27;[35m[AndroidDriver]&amp#27;[39m The overall screen recording duration is 3s so far
[debug] &amp#27;[35m[AndroidDriver]&amp#27;[39m Starting the next 177s-chunk of screen recording in order to achieve 180s total duration
[debug] &amp#27;[35m[ADB]&amp#27;[39m Building screenrecord process with the command line: adb -P 5037 -s emulator-5554 shell screenrecord --time-limit 177 /sdcard/c3a5259a.mp4
[debug] &amp#27;[35m[ADB]&amp#27;[39m Running '/Users/arjunmac/Library/Android/sdk/platform-tools/adb -P 5037 -s emulator-5554 shell "[ -e '/sdcard/c3a5259a.mp4' ] && echo __PASS__"'
[debug] &amp#27;[35m[ADB]&amp#27;[39m Running '/Users/arjunmac/Library/Android/sdk/platform-tools/adb -P 5037 -s emulator-5554 shell "[ -e '/sdcard/aa75feeb.mp4' ] && echo __PASS__"'
[debug] &amp#27;[35m[AndroidDriver]&amp#27;[39m The overall screen recording duration is 3s so far
[debug] &amp#27;[35m[AndroidDriver]&amp#27;[39m Starting the next 177s-chunk of screen recording in order to achieve 180s total duration
[debug] &amp#27;[35m[ADB]&amp#27;[39m Building screenrecord process with the command line: adb -P 5037 -s emulator-5554 shell screenrecord --time-limit 177 /sdcard/6f1d4d3e.mp4
[debug] &amp#27;[35m[ADB]&amp#27;[39m Running '/Users/arjunmac/Library/Android/sdk/platform-tools/adb -P 5037 -s emulator-5554 shell "[ -e '/sdcard/6f1d4d3e.mp4' ] && echo __PASS__"'
[debug] &amp#27;[35m[ADB]&amp#27;[39m Running '/Users/arjunmac/Library/Android/sdk/platform-tools/adb -P 5037 -s emulator-5554 shell "[ -e '/sdcard/c3ffe987.mp4' ] && echo __PASS__"'
[debug] &amp#27;[35m[AndroidDriver]&amp#27;[39m The overall screen recording duration is 3s so far
[debug] &amp#27;[35m[AndroidDriver]&amp#27;[39m Starting the next 177s-chunk of screen recording in order to achieve 180s total duration
[debug] &amp#27;[35m[ADB]&amp#27;[39m Building screenrecord process with the command line: adb -P 5037 -s emulator-5554 shell screenrecord --time-limit 177 /sdcard/27e5fa1f.mp4
[debug] &amp#27;[35m[ADB]&amp#27;[39m Running '/Users/arjunmac/Library/Android/sdk/platform-tools/adb -P 5037 -s emulator-5554 shell "[ -e '/sdcard/27e5fa1f.mp4' ] && echo __PASS__"'
[debug] &amp#27;[35m[ADB]&amp#27;[39m Running '/Users/arjunmac/Library/Android/sdk/platform-tools/adb -P 5037 -s emulator-5554 shell "[ -e '/sdcard/64bc7339.mp4' ] && echo __PASS__"'
[debug] &amp#27;[35m[AndroidDriver]&amp#27;[39m The overall screen recording duration is 3s so far
[debug] &amp#27;[35m[AndroidDriver]&amp#27;[39m Starting the next 177s-chunk of screen recording in order to achieve 180s total duration
[debug] &amp#27;[35m[ADB]&amp#27;[39m Building screenrecord process with the command line: adb -P 5037 -s emulator-5554 shell screenrecord --time-limit 177 /sdcard/028993b7.mp4
[debug] &amp#27;[35m[ADB]&amp#27;[39m Running '/Users/arjunmac/Library/Android/sdk/platform-tools/adb -P 5037 -s emulator-5554 shell "[ -e '/sdcard/028993b7.mp4' ] && echo __PASS__"'
[debug] &amp#27;[35m[AndroidDriver]&amp#27;[39m The overall screen recording duration is 3s so far
[debug] &amp#27;[35m[AndroidDriver]&amp#27;[39m Starting the next 177s-chunk of screen recording in order to achieve 180s total duration
[debug] &amp#27;[35m[ADB]&amp#27;[39m Building screenrecord process with the command line: adb -P 5037 -s emulator-5554 shell screenrecord --time-limit 177 /sdcard/5a4879a9.mp4
[debug] &amp#27;[35m[ADB]&amp#27;[39m Running '/Users/arjunmac/Library/Android/sdk/platform-tools/adb -P 5037 -s emulator-5554 shell "[ -e '/sdcard/5a4879a9.mp4' ] && echo __PASS__"'
[debug] &amp#27;[35m[ADB]&amp#27;[39m Running '/Users/arjunmac/Library/Android/sdk/platform-tools/adb -P 5037 -s emulator-5554 shell "[ -e '/sdcard/1261f053.mp4' ] && echo __PASS__"'
[debug] &amp#27;[35m[AndroidDriver]&amp#27;[39m The overall screen recording duration is 3s so far
[debug] &amp#27;[35m[AndroidDriver]&amp#27;[39m Starting the next 177s-chunk of screen recording in order to achieve 180s total duration
[debug] &amp#27;[35m[ADB]&amp#27;[39m Building screenrecord process with the command line: adb -P 5037 -s emulator-5554 shell screenrecord --time-limit 177 /sdcard/89877c28.mp4
[debug] &amp#27;[35m[ADB]&amp#27;[39m Running '/Users/arjunmac/Library/Android/sdk/platform-tools/adb -P 5037 -s emulator-5554 shell "[ -e '/sdcard/89877c28.mp4' ] && echo __PASS__"'
[debug] &amp#27;[35m[ADB]&amp#27;[39m Running '/Users/arjunmac/Library/Android/sdk/platform-tools/adb -P 5037 -s emulator-5554 shell "[ -e '/sdcard/c3a5259a.mp4' ] && echo __PASS__"'
[debug] &amp#27;[35m[ADB]&amp#27;[39m Running '/Users/arjunmac/Library/Android/sdk/platform-tools/adb -P 5037 -s emulator-5554 shell "[ -e '/sdcard/6f1d4d3e.mp4' ] && echo __PASS__"'
[debug] &amp#27;[35m[WD Proxy]&amp#27;[39m Got response with status 200: {"sessionId":"b6b613ea-c9d6-4373-8504-6b49cca35dae","value":null}
[debug] &amp#27;[35m[W3C (17876c65)]&amp#27;[39m Responding to client with driver.setValue() result: null
  And I enter password as "1234567890"                                      # com.qa.stepdef.LoginStepDef.iEnterPasswordAs(java.lang.String)
&amp#27;[35m[HTTP]&amp#27;[39m &amp#27;[37m<-- POST /wd/hub/session/17876c65-bd2d-4377-b322-9c9653165383/element/cdada976-7c40-4605-876b-a895c69cfa6a/value &amp#27;[39m&amp#27;[32m200&amp#27;[39m &amp#27;[90m627 ms - 14&amp#27;[39m
&amp#27;[35m[HTTP]&amp#27;[39m &amp#27;[90m&amp#27;[39m
[debug] &amp#27;[35m[AndroidDriver]&amp#27;[39m The overall screen recording duration is 3s so far
[debug] &amp#27;[35m[AndroidDriver]&amp#27;[39m Starting the next 177s-chunk of screen recording in order to achieve 180s total duration
[debug] &amp#27;[35m[ADB]&amp#27;[39m Building screenrecord process with the command line: adb -P 5037 -s emulator-5554 shell screenrecord --time-limit 177 /sdcard/342b4aad.mp4
[debug] &amp#27;[35m[ADB]&amp#27;[39m Running '/Users/arjunmac/Library/Android/sdk/platform-tools/adb -P 5037 -s emulator-5554 shell "[ -e '/sdcard/342b4aad.mp4' ] && echo __PASS__"'
&amp#27;[35m[HTTP]&amp#27;[39m &amp#27;[37m-->&amp#27;[39m &amp#27;[37mGET&amp#27;[39m &amp#27;[37m/wd/hub/session/17876c65-bd2d-4377-b322-9c9653165383/context&amp#27;[39m
&amp#27;[35m[HTTP]&amp#27;[39m &amp#27;[90m{}&amp#27;[39m
[debug] &amp#27;[35m[W3C (17876c65)]&amp#27;[39m Calling AppiumDriver.getCurrentContext() with args: ["17876c65-bd2d-4377-b322-9c9653165383"]
[debug] &amp#27;[35m[W3C (17876c65)]&amp#27;[39m Responding to client with driver.getCurrentContext() result: "NATIVE_APP"
&amp#27;[35m[HTTP]&amp#27;[39m &amp#27;[37m<-- GET /wd/hub/session/17876c65-bd2d-4377-b322-9c9653165383/context &amp#27;[39m&amp#27;[32m200&amp#27;[39m &amp#27;[90m2 ms - 22&amp#27;[39m
&amp#27;[35m[HTTP]&amp#27;[39m &amp#27;[90m&amp#27;[39m
&amp#27;[35m[HTTP]&amp#27;[39m &amp#27;[37m-->&amp#27;[39m &amp#27;[37mPOST&amp#27;[39m &amp#27;[37m/wd/hub/session/17876c65-bd2d-4377-b322-9c9653165383/element&amp#27;[39m
&amp#27;[35m[HTTP]&amp#27;[39m &amp#27;[90m{"using":"id","value":"com.becon.ecom:id/btn_login"}&amp#27;[39m
[debug] &amp#27;[35m[W3C (17876c65)]&amp#27;[39m Calling AppiumDriver.findElement() with args: ["id","com.becon.ecom:id/btn_login","17876c65-bd2d-4377-b322-9c9653165383"]
[debug] &amp#27;[35m[BaseDriver]&amp#27;[39m Valid locator strategies for this request: xpath, id, class name, accessibility id, css selector, -android uiautomator
[debug] &amp#27;[35m[BaseDriver]&amp#27;[39m Waiting up to 0 ms for condition
[debug] &amp#27;[35m[WD Proxy]&amp#27;[39m Matched '/element' to command name 'findElement'
[debug] &amp#27;[35m[WD Proxy]&amp#27;[39m Proxying [POST /element] to [POST http://127.0.0.1:10000/wd/hub/session/b6b613ea-c9d6-4373-8504-6b49cca35dae/element] with body: {"strategy":"id","selector":"com.becon.ecom:id/btn_login","context":"","multiple":false}
[debug] &amp#27;[35m[ADB]&amp#27;[39m Running '/Users/arjunmac/Library/Android/sdk/platform-tools/adb -P 5037 -s emulator-5554 shell "[ -e '/sdcard/27e5fa1f.mp4' ] && echo __PASS__"'
[debug] &amp#27;[35m[AndroidDriver]&amp#27;[39m The overall screen recording duration is 3s so far
[debug] &amp#27;[35m[AndroidDriver]&amp#27;[39m Starting the next 177s-chunk of screen recording in order to achieve 180s total duration
[debug] &amp#27;[35m[ADB]&amp#27;[39m Building screenrecord process with the command line: adb -P 5037 -s emulator-5554 shell screenrecord --time-limit 177 /sdcard/a2b72aa7.mp4
[debug] &amp#27;[35m[ADB]&amp#27;[39m Running '/Users/arjunmac/Library/Android/sdk/platform-tools/adb -P 5037 -s emulator-5554 shell "[ -e '/sdcard/a2b72aa7.mp4' ] && echo __PASS__"'
[debug] &amp#27;[35m[ADB]&amp#27;[39m Running '/Users/arjunmac/Library/Android/sdk/platform-tools/adb -P 5037 -s emulator-5554 shell "[ -e '/sdcard/028993b7.mp4' ] && echo __PASS__"'
[debug] &amp#27;[35m[AndroidDriver]&amp#27;[39m The overall screen recording duration is 3s so far
[debug] &amp#27;[35m[AndroidDriver]&amp#27;[39m Starting the next 177s-chunk of screen recording in order to achieve 180s total duration
[debug] &amp#27;[35m[ADB]&amp#27;[39m Building screenrecord process with the command line: adb -P 5037 -s emulator-5554 shell screenrecord --time-limit 177 /sdcard/97ee59d9.mp4
[debug] &amp#27;[35m[ADB]&amp#27;[39m Running '/Users/arjunmac/Library/Android/sdk/platform-tools/adb -P 5037 -s emulator-5554 shell "[ -e '/sdcard/97ee59d9.mp4' ] && echo __PASS__"'
[debug] &amp#27;[35m[ADB]&amp#27;[39m Running '/Users/arjunmac/Library/Android/sdk/platform-tools/adb -P 5037 -s emulator-5554 shell "[ -e '/sdcard/5a4879a9.mp4' ] && echo __PASS__"'
[debug] &amp#27;[35m[ADB]&amp#27;[39m Running '/Users/arjunmac/Library/Android/sdk/platform-tools/adb -P 5037 -s emulator-5554 shell "[ -e '/sdcard/89877c28.mp4' ] && echo __PASS__"'
[debug] &amp#27;[35m[AndroidDriver]&amp#27;[39m The overall screen recording duration is 3s so far
[debug] &amp#27;[35m[AndroidDriver]&amp#27;[39m Starting the next 177s-chunk of screen recording in order to achieve 180s total duration
[debug] &amp#27;[35m[ADB]&amp#27;[39m Building screenrecord process with the command line: adb -P 5037 -s emulator-5554 shell screenrecord --time-limit 177 /sdcard/37c1af9f.mp4
[debug] &amp#27;[35m[ADB]&amp#27;[39m Running '/Users/arjunmac/Library/Android/sdk/platform-tools/adb -P 5037 -s emulator-5554 shell "[ -e '/sdcard/37c1af9f.mp4' ] && echo __PASS__"'
[debug] &amp#27;[35m[AndroidDriver]&amp#27;[39m The overall screen recording duration is 3s so far
[debug] &amp#27;[35m[AndroidDriver]&amp#27;[39m Starting the next 177s-chunk of screen recording in order to achieve 180s total duration
[debug] &amp#27;[35m[ADB]&amp#27;[39m Building screenrecord process with the command line: adb -P 5037 -s emulator-5554 shell screenrecord --time-limit 177 /sdcard/d5d74177.mp4
[debug] &amp#27;[35m[ADB]&amp#27;[39m Running '/Users/arjunmac/Library/Android/sdk/platform-tools/adb -P 5037 -s emulator-5554 shell "[ -e '/sdcard/d5d74177.mp4' ] && echo __PASS__"'
[debug] &amp#27;[35m[ADB]&amp#27;[39m Running '/Users/arjunmac/Library/Android/sdk/platform-tools/adb -P 5037 -s emulator-5554 shell "[ -e '/sdcard/342b4aad.mp4' ] && echo __PASS__"'
[debug] &amp#27;[35m[ADB]&amp#27;[39m Running '/Users/arjunmac/Library/Android/sdk/platform-tools/adb -P 5037 -s emulator-5554 shell "[ -e '/sdcard/a2b72aa7.mp4' ] && echo __PASS__"'
[debug] &amp#27;[35m[AndroidDriver]&amp#27;[39m The overall screen recording duration is 4s so far
[debug] &amp#27;[35m[AndroidDriver]&amp#27;[39m Starting the next 176s-chunk of screen recording in order to achieve 180s total duration
[debug] &amp#27;[35m[ADB]&amp#27;[39m Building screenrecord process with the command line: adb -P 5037 -s emulator-5554 shell screenrecord --time-limit 176 /sdcard/4bb91fe3.mp4
[debug] &amp#27;[35m[ADB]&amp#27;[39m Running '/Users/arjunmac/Library/Android/sdk/platform-tools/adb -P 5037 -s emulator-5554 shell "[ -e '/sdcard/4bb91fe3.mp4' ] && echo __PASS__"'
[debug] &amp#27;[35m[ADB]&amp#27;[39m Running '/Users/arjunmac/Library/Android/sdk/platform-tools/adb -P 5037 -s emulator-5554 shell "[ -e '/sdcard/97ee59d9.mp4' ] && echo __PASS__"'
[debug] &amp#27;[35m[WD Proxy]&amp#27;[39m Got response with status 200: {"sessionId":"b6b613ea-c9d6-4373-8504-6b49cca35dae","value":{"ELEMENT":"a3af148d-607f-4d9d-9c0e-d5334280d55c","element-6066-11e4-a52e-4f735466cecf":"a3af148d-607f-4d9d-9c0e-d5334280d55c"}}
[debug] &amp#27;[35m[W3C (17876c65)]&amp#27;[39m Responding to client with driver.findElement() result: {"element-6066-11e4-a52e-4f735466cecf":"a3af148d-607f-4d9d-9c0e-d5334280d55c","ELEMENT":"a3af148d-607f-4d9d-9c0e-d5334280d55c"}
&amp#27;[35m[HTTP]&amp#27;[39m &amp#27;[37m<-- POST /wd/hub/session/17876c65-bd2d-4377-b322-9c9653165383/element &amp#27;[39m&amp#27;[32m200&amp#27;[39m &amp#27;[90m488 ms - 137&amp#27;[39m
&amp#27;[35m[HTTP]&amp#27;[39m &amp#27;[90m&amp#27;[39m
&amp#27;[35m[HTTP]&amp#27;[39m &amp#27;[37m-->&amp#27;[39m &amp#27;[37mGET&amp#27;[39m &amp#27;[37m/wd/hub/session/17876c65-bd2d-4377-b322-9c9653165383/element/a3af148d-607f-4d9d-9c0e-d5334280d55c/displayed&amp#27;[39m
&amp#27;[35m[HTTP]&amp#27;[39m &amp#27;[90m{}&amp#27;[39m
[debug] &amp#27;[35m[W3C (17876c65)]&amp#27;[39m Calling AppiumDriver.elementDisplayed() with args: ["a3af148d-607f-4d9d-9c0e-d5334280d55c","17876c65-bd2d-4377-b322-9c9653165383"]
[debug] &amp#27;[35m[WD Proxy]&amp#27;[39m Matched '/element/a3af148d-607f-4d9d-9c0e-d5334280d55c/attribute/displayed' to command name 'getAttribute'
[debug] &amp#27;[35m[WD Proxy]&amp#27;[39m Proxying [GET /element/a3af148d-607f-4d9d-9c0e-d5334280d55c/attribute/displayed] to [GET http://127.0.0.1:10000/wd/hub/session/b6b613ea-c9d6-4373-8504-6b49cca35dae/element/a3af148d-607f-4d9d-9c0e-d5334280d55c/attribute/displayed] with no body
[debug] &amp#27;[35m[WD Proxy]&amp#27;[39m Got response with status 200: {"sessionId":"b6b613ea-c9d6-4373-8504-6b49cca35dae","value":"true"}
[debug] &amp#27;[35m[W3C (17876c65)]&amp#27;[39m Responding to client with driver.elementDisplayed() result: true
&amp#27;[35m[HTTP]&amp#27;[39m &amp#27;[37m<-- GET /wd/hub/session/17876c65-bd2d-4377-b322-9c9653165383/element/a3af148d-607f-4d9d-9c0e-d5334280d55c/displayed &amp#27;[39m&amp#27;[32m200&amp#27;[39m &amp#27;[90m10 ms - 14&amp#27;[39m
&amp#27;[35m[HTTP]&amp#27;[39m &amp#27;[90m&amp#27;[39m
[debug] &amp#27;[35m[AndroidDriver]&amp#27;[39m The overall screen recording[INFO ] 2021-09-02 12:19:15.803 com.qa.pages.BaseTest:55 - press login button
 duration is 4s so far
[debug] &amp#27;[35m[AndroidDriver]&amp#27;[39m Starting the next 176s-chunk of screen recording in order to achieve 180s total duration
[debug] &amp#27;[35m[ADB]&amp#27;[39m Building screenrecord process with the command line: adb -P 5037 -s emulator-5554 shell screenrecord --time-limit 176 /sdcard/a2782f5a.mp4
&amp#27;[35m[HTTP]&amp#27;[39m &amp#27;[37m-->&amp#27;[39m &amp#27;[37mGET&amp#27;[39m &amp#27;[37m/wd/hub/session/17876c65-bd2d-4377-b322-9c9653165383/context&amp#27;[39m
&amp#27;[35m[HTTP]&amp#27;[39m &amp#27;[90m{}&amp#27;[39m
[debug] &amp#27;[35m[W3C (17876c65)]&amp#27;[39m Calling AppiumDriver.getCurrentContext() with args: ["17876c65-bd2d-4377-b322-9c9653165383"]
[debug] &amp#27;[35m[ADB]&amp#27;[39m Running '/Users/arjunmac/Library/Android/sdk/platform-tools/adb -P 5037 -s emulator-5554 shell "[ -e '/sdcard/a2782f5a.mp4' ] && echo __PASS__"'
[debug] &amp#27;[35m[W3C (17876c65)]&amp#27;[39m Responding to client with driver.getCurrentContext() result: "NATIVE_APP"
[...]
[debug] &amp#27;[35m[AndroidDriver]&amp#27;[39m file '/var/folders/0m/2272719s5hj2ry3p1cjhc7k00000gn/T/202182-70669-1brei68.g3hxh/97ee59d9.mp4'
[debug] &amp#27;[35m[AndroidDriver]&amp#27;[39m file '/var/folders/0m/2272719s5hj2ry3p1cjhc7k00000gn/T/202182-70669-1brei68.g3hxh/37c1af9f.mp4'
[debug] &amp#27;[35m[AndroidDriver]&amp#27;[39m file '/var/folders/0m/2272719s5hj2ry3p1cjhc7k00000gn/T/202182-70669-1brei68.g3hxh/d5d74177.mp4'
[debug] &amp#27;[35m[AndroidDriver]&amp#27;[39m file '/var/folders/0m/2272719s5hj2ry3p1cjhc7k00000gn/T/202182-70669-1brei68.g3hxh/4bb91fe3.mp4'
[debug] &amp#27;[35m[AndroidDriver]&amp#27;[39m file '/var/folders/0m/2272719s5hj2ry3p1cjhc7k00000gn/T/202182-70669-1brei68.g3hxh/a2782f5a.mp4'
[debug] &amp#27;[35m[AndroidDriver]&amp#27;[39m file '/var/folders/0m/2272719s5hj2ry3p1cjhc7k00000gn/T/202182-70669-1brei68.g3hxh/54d37e8a.mp4'
[debug] &amp#27;[35m[AndroidDriver]&amp#27;[39m file '/var/folders/0m/2272719s5hj2ry3p1cjhc7k00000gn/T/202182-70669-1brei68.g3hxh/88481143.mp4'
[debug] &amp#27;[35m[AndroidDriver]&amp#27;[39m file '/var/folders/0m/2272719s5hj2ry3p1cjhc7k00000gn/T/202182-70669-1brei68.g3hxh/d78c1d6f.mp4'
[debug] &amp#27;[35m[AndroidDriver]&amp#27;[39m file '/var/folders/0m/2272719s5hj2ry3p1cjhc7k00000gn/T/202182-70669-1brei68.g3hxh/2c075daa.mp4'
[debug] &amp#27;[35m[AndroidDriver]&amp#27;[39m file '/var/folders/0m/2272719s5hj2ry3p1cjhc7k00000gn/T/202182-70669-1brei68.g3hxh/c066d680.mp4'
[debug] &amp#27;[35m[AndroidDriver]&amp#27;[39m file '/var/folders/0m/2272719s5hj2ry3p1cjhc7k00000gn/T/202182-70669-1brei68.g3hxh/0cfc4503.mp4'
[debug] &amp#27;[35m[AndroidDriver]&amp#27;[39m file '/var/folders/0m/2272719s5hj2ry3p1cjhc7k00000gn/T/202182-70669-1brei68.g3hxh/01753e37.mp4'
[debug] &amp#27;[35m[AndroidDriver]&amp#27;[39m file '/var/folders/0m/2272719s5hj2ry3p1cjhc7k00000gn/T/202182-70669-1brei68.g3hxh/a3a2cb36.mp4'
[debug] &amp#27;[35m[AndroidDriver]&amp#27;[39m file '/var/folders/0m/2272719s5hj2ry3p1cjhc7k00000gn/T/202182-70669-1brei68.g3hxh/82bc588e.mp4'
[debug] &amp#27;[35m[AndroidDriver]&amp#27;[39m file '/var/folders/0m/2272719s5hj2ry3p1cjhc7k00000gn/T/202182-70669-1brei68.g3hxh/a54c582a.mp4'
[debug] &amp#27;[35m[AndroidDriver]&amp#27;[39m file '/var/folders/0m/2272719s5hj2ry3p1cjhc7k00000gn/T/202182-70669-1brei68.g3hxh/5fff9c00.mp4'
[debug] &amp#27;[35m[AndroidDriver]&amp#27;[39m file '/var/folders/0m/2272719s5hj2ry3p1cjhc7k00000gn/T/202182-70669-1brei68.g3hxh/8c26253d.mp4'
[debug] &amp#27;[35m[AndroidDriver]&amp#27;[39m file '/var/folders/0m/2272719s5hj2ry3p1cjhc7k00000gn/T/202182-70669-1brei68.g3hxh/9fd70cb2.mp4'
[debug] &amp#27;[35m[AndroidDriver]&amp#27;[39m file '/var/folders/0m/2272719s5hj2ry3p1cjhc7k00000gn/T/202182-70669-1brei68.g3hxh/708090a3.mp4'
[debug] &amp#27;[35m[AndroidDriver]&amp#27;[39m file '/var/folders/0m/2272719s5hj2ry3p1cjhc7k00000gn/T/202182-70669-1brei68.g3hxh/1cd9c409.mp4'
[debug] &amp#27;[35m[AndroidDriver]&amp#27;[39m file '/var/folders/0m/2272719s5hj2ry3p1cjhc7k00000gn/T/202182-70669-1brei68.g3hxh/c9aaff86.mp4'
[debug] &amp#27;[35m[AndroidDriver]&amp#27;[39m file '/var/folders/0m/2272719s5hj2ry3p1cjhc7k00000gn/T/202182-70669-1brei68.g3hxh/df2b72e8.mp4'
[debug] &amp#27;[35m[AndroidDriver]&amp#27;[39m file '/var/folders/0m/2272719s5hj2ry3p1cjhc7k00000gn/T/202182-70669-1brei68.g3hxh/37656af6.mp4'
[debug] &amp#27;[35m[AndroidDriver]&amp#27;[39m file '/var/folders/0m/2272719s5hj2ry3p1cjhc7k00000gn/T/202182-70669-1brei68.g3hxh/c87a288f.mp4'
[debug] &amp#27;[35m[AndroidDriver]&amp#27;[39m file '/var/folders/0m/2272719s5hj2ry3p1cjhc7k00000gn/T/202182-70669-1brei68.g3hxh/630d1a2d.mp4'
[debug] &amp#27;[35m[AndroidDriver]&amp#27;[39m file '/var/folders/0m/2272719s5hj2ry3p1cjhc7k00000gn/T/202182-70669-1brei68.g3hxh/9d03c86b.mp4'
[debug] &amp#27;[35m[AndroidDriver]&amp#27;[39m file '/var/folders/0m/2272719s5hj2ry3p1cjhc7k00000gn/T/202182-70669-1brei68.g3hxh/37073481.mp4'
[debug] &amp#27;[35m[AndroidDriver]&amp#27;[39m file '/var/folders/0m/2272719s5hj2ry3p1cjhc7k00000gn/T/202182-70669-1brei68.g3hxh/5f5f9c1f.mp4'
[debug] &amp#27;[35m[AndroidDriver]&amp#27;[39m file '/var/folders/0m/2272719s5hj2ry3p1cjhc7k00000gn/T/202182-70669-1brei68.g3hxh/cecda3d7.mp4'
[debug] &amp#27;[35m[AndroidDriver]&amp#27;[39m file '/var/folders/0m/2272719s5hj2ry3p1cjhc7k00000gn/T/202182-70669-1brei68.g3hxh/7a30d507.mp4'
[debug] &amp#27;[35m[AndroidDriver]&amp#27;[39m file '/var/folders/0m/2272719s5hj2ry3p1cjhc7k00000gn/T/202182-70669-1brei68.g3hxh/14ecf175.mp4'
[debug] &amp#27;[35m[AndroidDriver]&amp#27;[39m file '/var/folders/0m/2272719s5hj2ry3p1cjhc7k00000gn/T/202182-70669-1brei68.g3hxh/2303a629.mp4'
[debug] &amp#27;[35m[AndroidDriver]&amp#27;[39m file '/var/folders/0m/2272719s5hj2ry3p1cjhc7k00000gn/T/202182-70669-1brei68.g3hxh/e59049cc.mp4'
[debug] &amp#27;[35m[AndroidDriver]&amp#27;[39m file '/var/folders/0m/2272719s5hj2ry3p1cjhc7k00000gn/T/202182-70669-1brei68.g3hxh/fc837620.mp4'
[debug] &amp#27;[35m[AndroidDriver]&amp#27;[39m file '/var/folders/0m/2272719s5hj2ry3p1cjhc7k00000gn/T/202182-70669-1brei68.g3hxh/91a82097.mp4'
[debug] &amp#27;[35m[AndroidDriver]&amp#27;[39m file '/var/folders/0m/2272719s5hj2ry3p1cjhc7k00000gn/T/202182-70669-1brei68.g3hxh/4620712f.mp4'
[debug] &amp#27;[35m[AndroidDriver]&amp#27;[39m file '/var/folders/0m/2272719s5hj2ry3p1cjhc7k00000gn/T/202182-70669-1brei68.g3hxh/9e2d33d3.mp4'
[debug] &amp#27;[35m[AndroidDriver]&amp#27;[39m file '/var/folders/0m/2272719s5hj2ry3p1cjhc7k00000gn/T/202182-70669-1brei68.g3hxh/02bd4081.mp4'
[debug] &amp#27;[35m[AndroidDriver]&amp#27;[39m file '/var/folders/0m/2272719s5hj2ry3p1cjhc7k00000gn/T/202182-70669-1brei68.g3hxh/9207d8b6.mp4'
[debug] &amp#27;[35m[AndroidDriver]&amp#27;[39m file '/var/folders/0m/2272719s5hj2ry3p1cjhc7k00000gn/T/202182-70669-1brei68.g3hxh/ce29e0e5.mp4'
[debug] &amp#27;[35m[AndroidDriver]&amp#27;[39m file '/var/folders/0m/2272719s5hj2ry3p1cjhc7k00000gn/T/202182-70669-1brei68.g3hxh/b48e18e2.mp4'
[debug] &amp#27;[35m[AndroidDriver]&amp#27;[39m file '/var/folders/0m/2272719s5hj2ry3p1cjhc7k00000gn/T/202182-70669-1brei68.g3hxh/decbda53.mp4'
[debug] &amp#27;[35m[AndroidDriver]&amp#27;[39m file '/var/folders/0m/2272719s5hj2ry3p1cjhc7k00000gn/T/202182-70669-1brei68.g3hxh/06479d03.mp4'
[debug] &amp#27;[35m[AndroidDriver]&amp#27;[39m file '/var/folders/0m/2272719s5hj2ry3p1cjhc7k00000gn/T/202182-70669-1brei68.g3hxh/25972b69.mp4'
[debug] &amp#27;[35m[AndroidDriver]&amp#27;[39m file '/var/folders/0m/2272719s5hj2ry3p1cjhc7k00000gn/T/202182-70669-1brei68.g3hxh/ea1bc365.mp4'
[debug] &amp#27;[35m[AndroidDriver]&amp#27;[39m file '/var/folders/0m/2272719s5hj2ry3p1cjhc7k00000gn/T/202182-70669-1brei68.g3hxh/61c6ac02.mp4'
[debug] &amp#27;[35m[AndroidDriver]&amp#27;[39m file '/var/folders/0m/2272719s5hj2ry3p1cjhc7k00000gn/T/202182-70669-1brei68.g3hxh/44d5e7b8.mp4'
[debug] &amp#27;[35m[AndroidDriver]&amp#27;[39m file '/var/folders/0m/2272719s5hj2ry3p1cjhc7k00000gn/T/202182-70669-1brei68.g3hxh/e93d47cf.mp4'
[debug] &amp#27;[35m[AndroidDriver]&amp#27;[39m file '/var/folders/0m/2272719s5hj2ry3p1cjhc7k00000gn/T/202182-70669-1brei68.g3hxh/a9b1a4af.mp4'
[debug] &amp#27;[35m[AndroidDriver]&amp#27;[39m file '/var/folders/0m/2272719s5hj2ry3p1cjhc7k00000gn/T/202182-70669-1brei68.g3hxh/73814797.mp4'
[debug] &amp#27;[35m[AndroidDriver]&amp#27;[39m file '/var/folders/0m/2272719s5hj2ry3p1cjhc7k00000gn/T/202182-70669-1brei68.g3hxh/ae2d04bb.mp4'
[debug] &amp#27;[35m[AndroidDriver]&amp#27;[39m file '/var/folders/0m/2272719s5hj2ry3p1cjhc7k00000gn/T/202182-70669-1brei68.g3hxh/a61aff3e.mp4'
[debug] &amp#27;[35m[AndroidDriver]&amp#27;[39m file '/var/folders/0m/2272719s5hj2ry3p1cjhc7k00000gn/T/202182-70669-1brei68.g3hxh/5a6a7ae0.mp4'
[debug] &amp#27;[35m[AndroidDriver]&amp#27;[39m file '/var/folders/0m/2272719s5hj2ry3p1cjhc7k00000gn/T/202182-70669-1brei68.g3hxh/da2e409f.mp4'
[debug] &amp#27;[35m[AndroidDriver]&amp#27;[39m file '/var/folders/0m/2272719s5hj2ry3p1cjhc7k00000gn/T/202182-70669-1brei68.g3hxh/1272b925.mp4'
[debug] &amp#27;[35m[AndroidDriver]&amp#27;[39m file '/var/folders/0m/2272719s5hj2ry3p1cjhc7k00000gn/T/202182-70669-1brei68.g3hxh/2a7b1cf6.mp4'
[debug] &amp#27;[35m[AndroidDriver]&amp#27;[39m file '/var/folders/0m/2272719s5hj2ry3p1cjhc7k00000gn/T/202182-70669-1brei68.g3hxh/bcba62a4.mp4'
[debug] &amp#27;[35m[AndroidDriver]&amp#27;[39m file '/var/folders/0m/2272719s5hj2ry3p1cjhc7k00000gn/T/202182-70669-1brei68.g3hxh/1d43c73e.mp4'
[debug] &amp#27;[35m[AndroidDriver]&amp#27;[39m file '/var/folders/0m/2272719s5hj2ry3p1cjhc7k00000gn/T/202182-70669-1brei68.g3hxh/4199912e.mp4'
[debug] &amp#27;[35m[AndroidDriver]&amp#27;[39m file '/var/folders/0m/2272719s5hj2ry3p1cjhc7k00000gn/T/202182-70669-1brei68.g3hxh/e2012481.mp4'
[debug] &amp#27;[35m[AndroidDriver]&amp#27;[39m file '/var/folders/0m/2272719s5hj2ry3p1cjhc7k00000gn/T/202182-70669-1brei68.g3hxh/86cd9c92.mp4'
[debug] &amp#27;[35m[AndroidDriver]&amp#27;[39m file '/var/folders/0m/2272719s5hj2ry3p1cjhc7k00000gn/T/202182-70669-1brei68.g3hxh/ccefdcae.mp4'
[debug] &amp#27;[35m[AndroidDriver]&amp#27;[39m file '/var/folders/0m/2272719s5hj2ry3p1cjhc7k00000gn/T/202182-70669-1brei68.g3hxh/3d0a59f0.mp4'
[debug] &amp#27;[35m[AndroidDriver]&amp#27;[39m file '/var/folders/0m/2272719s5hj2ry3p1cjhc7k00000gn/T/202182-70669-1brei68.g3hxh/a9dd94fe.mp4'
[debug] &amp#27;[35m[AndroidDriver]&amp#27;[39m file '/var/folders/0m/2272719s5hj2ry3p1cjhc7k00000gn/T/202182-70669-1brei68.g3hxh/3237419f.mp4'
[debug] &amp#27;[35m[AndroidDriver]&amp#27;[39m file '/var/folders/0m/2272719s5hj2ry3p1cjhc7k00000gn/T/202182-70669-1brei68.g3hxh/e51ca65b.mp4'
[debug] &amp#27;[35m[AndroidDriver]&amp#27;[39m file '/var/folders/0m/2272719s5hj2ry3p1cjhc7k00000gn/T/202182-70669-1brei68.g3hxh/37a1c11c.mp4'
[debug] &amp#27;[35m[AndroidDriver]&amp#27;[39m file '/var/folders/0m/2272719s5hj2ry3p1cjhc7k00000gn/T/202182-70669-1brei68.g3hxh/d10b2685.mp4'
[debug] &amp#27;[35m[AndroidDriver]&amp#27;[39m file '/var/folders/0m/2272719s5hj2ry3p1cjhc7k00000gn/T/202182-70669-1brei68.g3hxh/c4785a48.mp4'
[debug] &amp#27;[35m[AndroidDriver]&amp#27;[39m file '/var/folders/0m/2272719s5hj2ry3p1cjhc7k00000gn/T/202182-70669-1brei68.g3hxh/3f7833ee.mp4'
[debug] &amp#27;[35m[AndroidDriver]&amp#27;[39m file '/var/folders/0m/2272719s5hj2ry3p1cjhc7k00000gn/T/202182-70669-1brei68.g3hxh/39810398.mp4'
[debug] &amp#27;[35m[AndroidDriver]&amp#27;[39m file '/var/folders/0m/2272719s5hj2ry3p1cjhc7k00000gn/T/202182-70669-1brei68.g3hxh/9a15fc19.mp4'
[debug] &amp#27;[35m[AndroidDriver]&amp#27;[39m file '/var/folders/0m/2272719s5hj2ry3p1cjhc7k00000gn/T/202182-70669-1brei68.g3hxh/5fb610cd.mp4'
[debug] &amp#27;[35m[AndroidDriver]&amp#27;[39m file '/var/folders/0m/2272719s5hj2ry3p1cjhc7k00000gn/T/202182-70669-1brei68.g3hxh/563c805a.mp4'
[debug] &amp#27;[35m[AndroidDriver]&amp#27;[39m file '/var/folders/0m/2272719s5hj2ry3p1cjhc7k00000gn/T/202182-70669-1brei68.g3hxh/6b83731a.mp4'
[debug] &amp#27;[35m[AndroidDriver]&amp#27;[39m file '/var/folders/0m/2272719s5hj2ry3p1cjhc7k00000gn/T/202182-70669-1brei68.g3hxh/1dbff4aa.mp4'
[debug] &amp#27;[35m[AndroidDriver]&amp#27;[39m file '/var/folders/0m/2272719s5hj2ry3p1cjhc7k00000gn/T/202182-70669-1brei68.g3hxh/042efef3.mp4'
[debug] &amp#27;[35m[AndroidDriver]&amp#27;[39m file '/var/folders/0m/2272719s5hj2ry3p1cjhc7k00000gn/T/202182-70669-1brei68.g3hxh/4597aea5.mp4'
[debug] &amp#27;[35m[AndroidDriver]&amp#27;[39m file '/var/folders/0m/2272719s5hj2ry3p1cjhc7k00000gn/T/202182-70669-1brei68.g3hxh/b985ac28.mp4'
[debug] &amp#27;[35m[AndroidDriver]&amp#27;[39m file '/var/folders/0m/2272719s5hj2ry3p1cjhc7k00000gn/T/202182-70669-1brei68.g3hxh/84fb0e71.mp4'
[debug] &amp#27;[35m[AndroidDriver]&amp#27;[39m file '/var/folders/0m/2272719s5hj2ry3p1cjhc7k00000gn/T/202182-70669-1brei68.g3hxh/c8026783.mp4'
[debug] &amp#27;[35m[AndroidDriver]&amp#27;[39m file '/var/folders/0m/2272719s5hj2ry3p1cjhc7k00000gn/T/202182-70669-1brei68.g3hxh/449d8d87.mp4'
[debug] &amp#27;[35m[AndroidDriver]&amp#27;[39m file '/var/folders/0m/2272719s5hj2ry3p1cjhc7k00000gn/T/202182-70669-1brei68.g3hxh/d7d21c2b.mp4'
[debug] &amp#27;[35m[AndroidDriver]&amp#27;[39m file '/var/folders/0m/2272719s5hj2ry3p1cjhc7k00000gn/T/202182-70669-1brei68.g3hxh/124ab760.mp4'
[debug] &amp#27;[35m[AndroidDriver]&amp#27;[39m file '/var/folders/0m/2272719s5hj2ry3p1cjhc7k00000gn/T/202182-70669-1brei68.g3hxh/61f228a3.mp4'
[debug] &amp#27;[35m[AndroidDriver]&amp#27;[39m file '/var/folders/0m/2272719s5hj2ry3p1cjhc7k00000gn/T/202182-70669-1brei68.g3hxh/48e9899e.mp4'
[debug] &amp#27;[35m[AndroidDriver]&amp#27;[39m file '/var/folders/0m/2272719s5hj2ry3p1cjhc7k00000gn/T/202182-70669-1brei68.g3hxh/52d7d261.mp4'
[debug] &amp#27;[35m[AndroidDriver]&amp#27;[39m file '/var/folders/0m/2272719s5hj2ry3p1cjhc7k00000gn/T/202182-70669-1brei68.g3hxh/249c0d98.mp4'
[debug] &amp#27;[35m[AndroidDriver]&amp#27;[39m file '/var/folders/0m/2272719s5hj2ry3p1cjhc7k00000gn/T/202182-70669-1brei68.g3hxh/67b2d610.mp4'
[debug] &amp#27;[35m[AndroidDriver]&amp#27;[39m file '/var/folders/0m/2272719s5hj2ry3p1cjhc7k00000gn/T/202182-70669-1brei68.g3hxh/5813573f.mp4'
[debug] &amp#27;[35m[AndroidDriver]&amp#27;[39m file '/var/folders/0m/2272719s5hj2ry3p1cjhc7k00000gn/T/202182-70669-1brei68.g3hxh/b7912e59.mp4'
[debug] &amp#27;[35m[AndroidDriver]&amp#27;[39m file '/var/folders/0m/2272719s5hj2ry3p1cjhc7k00000gn/T/202182-70669-1brei68.g3hxh/b00a9634.mp4'
[debug] &amp#27;[35m[AndroidDriver]&amp#27;[39m file '/var/folders/0m/2272719s5hj2ry3p1cjhc7k00000gn/T/202182-70669-1brei68.g3hxh/e033ae49.mp4'
[debug] &amp#27;[35m[AndroidDriver]&amp#27;[39m file '/var/folders/0m/2272719s5hj2ry3p1cjhc7k00000gn/T/202182-70669-1brei68.g3hxh/4e25c482.mp4'
[debug] &amp#27;[35m[AndroidDriver]&amp#27;[39m file '/var/folders/0m/2272719s5hj2ry3p1cjhc7k00000gn/T/202182-70669-1brei68.g3hxh/288f2e51.mp4'
[debug] &amp#27;[35m[AndroidDriver]&amp#27;[39m file '/var/folders/0m/2272719s5hj2ry3p1cjhc7k00000gn/T/202182-70669-1brei68.g3hxh/8c48889b.mp4'
[debug] &amp#27;[35m[AndroidDriver]&amp#27;[39m file '/var/folders/0m/2272719s5hj2ry3p1cjhc7k00000gn/T/202182-70669-1brei68.g3hxh/045dd0a8.mp4'
[debug] &amp#27;[35m[AndroidDriver]&amp#27;[39m file '/var/folders/0m/2272719s5hj2ry3p1cjhc7k00000gn/T/202182-70669-1brei68.g3hxh/458773df.mp4'
[debug] &amp#27;[35m[AndroidDriver]&amp#27;[39m file '/var/folders/0m/2272719s5hj2ry3p1cjhc7k00000gn/T/202182-70669-1brei68.g3hxh/02531fea.mp4'
[debug] &amp#27;[35m[AndroidDriver]&amp#27;[39m file '/var/folders/0m/2272719s5hj2ry3p1cjhc7k00000gn/T/202182-70669-1brei68.g3hxh/312d048a.mp4'
[debug] &amp#27;[35m[AndroidDriver]&amp#27;[39m file '/var/folders/0m/2272719s5hj2ry3p1cjhc7k00000gn/T/202182-70669-1brei68.g3hxh/5a325b7d.mp4'
[debug] &amp#27;[35m[AndroidDriver]&amp#27;[39m file '/var/folders/0m/2272719s5hj2ry3p1cjhc7k00000gn/T/202182-70669-1brei68.g3hxh/69717ae9.mp4'
[debug] &amp#27;[35m[AndroidDriver]&amp#27;[39m file '/var/folders/0m/2272719s5hj2ry3p1cjhc7k00000gn/T/202182-70669-1brei68.g3hxh/ed7515dc.mp4'
[debug] &amp#27;[35m[AndroidDriver]&amp#27;[39m file '/var/folders/0m/2272719s5hj2ry3p1cjhc7k00000gn/T/202182-70669-1brei68.g3hxh/405b733f.mp4'
[debug] &amp#27;[35m[AndroidDriver]&amp#27;[39m file '/var/folders/0m/2272719s5hj2ry3p1cjhc7k00000gn/T/202182-70669-1brei68.g3hxh/806d92a5.mp4'
[debug] &amp#27;[35m[AndroidDriver]&amp#27;[39m file '/var/folders/0m/2272719s5hj2ry3p1cjhc7k00000gn/T/202182-70669-1brei68.g3hxh/45db6a69.mp4'
[debug] &amp#27;[35m[AndroidDriver]&amp#27;[39m file '/var/folders/0m/2272719s5hj2ry3p1cjhc7k00000gn/T/202182-70669-1brei68.g3hxh/1607a018.mp4'
[debug] &amp#27;[35m[AndroidDriver]&amp#27;[39m file '/var/folders/0m/2272719s5hj2ry3p1cjhc7k00000gn/T/202182-70669-1brei68.g3hxh/4e954104.mp4'
[debug] &amp#27;[35m[AndroidDriver]&amp#27;[39m file '/var/folders/0m/2272719s5hj2ry3p1cjhc7k00000gn/T/202182-70669-1brei68.g3hxh/1444272b.mp4'
[debug] &amp#27;[35m[AndroidDriver]&amp#27;[39m file '/var/folders/0m/2272719s5hj2ry3p1cjhc7k00000gn/T/202182-70669-1brei68.g3hxh/516b3691.mp4'
[debug] &amp#27;[35m[AndroidDriver]&amp#27;[39m file '/var/folders/0m/2272719s5hj2ry3p1cjhc7k00000gn/T/202182-70669-1brei68.g3hxh/5b000132.mp4'
[debug] &amp#27;[35m[AndroidDriver]&amp#27;[39m file '/var/folders/0m/2272719s5hj2ry3p1cjhc7k00000gn/T/202182-70669-1brei68.g3hxh/48703313.mp4'
[debug] &amp#27;[35m[AndroidDriver]&amp#27;[39m file '/var/folders/0m/2272719s5hj2ry3p1cjhc7k00000gn/T/202182-70669-1brei68.g3hxh/be355f23.mp4'
[debug] &amp#27;[35m[AndroidDriver]&amp#27;[39m file '/var/folders/0m/2272719s5hj2ry3p1cjhc7k00000gn/T/202182-70669-1brei68.g3hxh/92013ad3.mp4'
[debug] &amp#27;[35m[AndroidDriver]&amp#27;[39m file '/var/folders/0m/2272719s5hj2ry3p1cjhc7k00000gn/T/202182-70669-1brei68.g3hxh/06e6f2be.mp4'
[debug] &amp#27;[35m[AndroidDriver]&amp#27;[39m file '/var/folders/0m/2272719s5hj2ry3p1cjhc7k00000gn/T/202182-70669-1brei68.g3hxh/818f81df.mp4'
[debug] &amp#27;[35m[AndroidDriver]&amp#27;[39m file '/var/folders/0m/2272719s5hj2ry3p1cjhc7k00000gn/T/202182-70669-1brei68.g3hxh/0ecfbcdf.mp4'
[debug] &amp#27;[35m[AndroidDriver]&amp#27;[39m file '/var/folders/0m/2272719s5hj2ry3p1cjhc7k00000gn/T/202182-70669-1brei68.g3hxh/43c414e0.mp4'
[debug] &amp#27;[35m[AndroidDriver]&amp#27;[39m file '/var/folders/0m/2272719s5hj2ry3p1cjhc7k00000gn/T/202182-70669-1brei68.g3hxh/48790682.mp4'
[debug] &amp#27;[35m[AndroidDriver]&amp#27;[39m file '/var/folders/0m/2272719s5hj2ry3p1cjhc7k00000gn/T/202182-70669-1brei68.g3hxh/6227ef77.mp4'
[debug] &amp#27;[35m[AndroidDriver]&amp#27;[39m file '/var/folders/0m/2272719s5hj2ry3p1cjhc7k00000gn/T/202182-70669-1brei68.g3hxh/00aa8dd4.mp4'
[debug] &amp#27;[35m[AndroidDriver]&amp#27;[39m file '/var/folders/0m/2272719s5hj2ry3p1cjhc7k00000gn/T/202182-70669-1brei68.g3hxh/5276fa34.mp4'
[debug] &amp#27;[35m[AndroidDriver]&amp#27;[39m file '/var/folders/0m/2272719s5hj2ry3p1cjhc7k00000gn/T/202182-70669-1brei68.g3hxh/94b6239b.mp4'
[debug] &amp#27;[35m[AndroidDriver]&amp#27;[39m file '/var/folders/0m/2272719s5hj2ry3p1cjhc7k00000gn/T/202182-70669-1brei68.g3hxh/1f88b0dc.mp4'
[debug] &amp#27;[35m[AndroidDriver]&amp#27;[39m file '/var/folders/0m/2272719s5hj2ry3p1cjhc7k00000gn/T/202182-70669-1brei68.g3hxh/311cbd0a.mp4'
[debug] &amp#27;[35m[AndroidDriver]&amp#27;[39m file '/var/folders/0m/2272719s5hj2ry3p1cjhc7k00000gn/T/202182-70669-1brei68.g3hxh/dcdaaf29.mp4'
[debug] &amp#27;[35m[AndroidDriver]&amp#27;[39m file '/var/folders/0m/2272719s5hj2ry3p1cjhc7k00000gn/T/202182-70669-1brei68.g3hxh/bb6a37f8.mp4'
[debug] &amp#27;[35m[AndroidDriver]&amp#27;[39m file '/var/folders/0m/2272719s5hj2ry3p1cjhc7k00000gn/T/202182-70669-1brei68.g3hxh/9c6e2b15.mp4'
&amp#27;[35m[AndroidDriver]&amp#27;[39m Initiating screen records merging using the command 'ffmpeg -safe 0 -f concat -i /var/folders/0m/2272719s5hj2ry3p1cjhc7k00000gn/T/202182-70669-1brei68.g3hxh/config.txt -c copy /var/folders/0m/2272719s5hj2ry3p1cjhc7k00000gn/T/202182-70669-1brei68.g3hxh/merge_1630574373840.mp4'
&amp#27;[35m[AndroidDriver]&amp#27;[39m Cannot merge the recorded files. The most recent screen recording is going to be returned as the result. Original error: Command 'ffmpeg -safe 0 -f concat -i /var/folders/0m/2272719s5hj2ry3p1cjhc7k00000gn/T/202182-70669-1brei68.g3hxh/config.txt -c copy /var/folders/0m/2272719s5hj2ry3p1cjhc7k00000gn/T/202182-70669-1brei68.g3hxh/merge_1630574373840.mp4' exited with code 1
[debug] &amp#27;[35m[AndroidDriver]&amp#27;[39m The size of the resulting screen recording is 0 B
[debug] &amp#27;[35m[W3C (17876c65)]&amp#27;[39m Responding to client with driver.stopRecordingScreen() result: ""
&amp#27;[35m[HTTP]&amp#27;[39m &amp#27;[37m<-- POST /wd/hub/session/17876c65-bd2d-4377-b322-9c9653165383/appium/stop_recording_screen &amp#27;[39m&amp#27;[32m200&amp#27;[39m &amp#27;[90m6586 ms - 12&amp#27;[39m
&amp#27;[35m[HTTP]&amp#27;[39m &amp#27;[90m&amp#27;[39m
[INFO ] 2021-09-02 12:19:34.000 com.qa.utils.VideoManager:35 - video path: Android_Pixel4A/Videos/Login with invalid password.mp4
]]></system-out>
  </testcase>
  <testcase name="scenario" classname="com.qa.runners.Pixel4ATestNGRunner" time="6.227"/>
</testsuite>